#
# A fatal error has been detected by the Java Runtime Environment:
#
#  SIGSEGV (0xb) at pc=0x00000001099fe285, pid=51128, tid=8451
#
# JRE version: OpenJDK Runtime Environment (11.0+28) (build 11+28)
# Java VM: OpenJDK 64-Bit Server VM (11+28, mixed mode, tiered, compressed oops, g1 gc, bsd-amd64)
# Problematic frame:
# V  [libjvm.dylib+0x1fe285]  ClassLoaderData::loader_name_and_id() const+0x7
#
# No core dump will be written. Core dumps have been disabled. To enable core dumping, try "ulimit -c unlimited" before starting Java again
#
# If you would like to submit a bug report, please visit:
#   http://bugreport.java.com/bugreport/crash.jsp
#

---------------  S U M M A R Y ------------

Command Line: -Dorg.gradle.native=false --module-path=/Users/ivanpohodnya/IdeaProjects/jpms/demo/client/build/classes/java/test:/Users/ivanpohodnya/IdeaProjects/jpms/demo/client/build/resources/test:/Users/ivanpohodnya/IdeaProjects/jpms/demo/client/build/classes/java/main:/Users/ivanpohodnya/.gradle/caches/modules-2/files-2.1/org.springframework.boot/spring-boot-starter-web/2.1.0.M2/935ccd6c83ad9086f61757bc876a1eccc7224fc2/spring-boot-starter-web-2.1.0.M2.jar:/Users/ivanpohodnya/.gradle/caches/modules-2/files-2.1/org.springframework.cloud/spring-cloud-starter-openfeign/2.0.0.RELEASE/aaa058cbd5103da005fbb2a3d4ec3ce1d8ab56f/spring-cloud-starter-openfeign-2.0.0.RELEASE.jar:/Users/ivanpohodnya/.gradle/caches/modules-2/files-2.1/com.github.tomakehurst/wiremock/2.18.0/a3f3850cd4ab418e175036dd267f29c420a3f3cd/wiremock-2.18.0.jar:/Users/ivanpohodnya/.gradle/caches/modules-2/files-2.1/org.xmlunit/xmlunit-legacy/2.6.2/302dade4e4078a5bb1c1b1d78714495de2ba9f40/xmlunit-legacy-2.6.2.jar:/Users/ivanpohodnya/.gradle/caches/modules-2/files-2.1/org.springframework.boot/spring-boot-starter-test/2.1.0.M2/8b3f4c0597e797428ace18a3402117e90a437104/spring-boot-starter-test-2.1.0.M2.jar:/Users/ivanpohodnya/.gradle/caches/modules-2/files-2.1/org.xmlunit/xmlunit-core/2.6.2/b0461888cdd8d3975ea8a57df96520409cadcb6c/xmlunit-core-2.6.2.jar:/Users/ivanpohodnya/.gradle/caches/modules-2/files-2.1/org.glassfish.jaxb/jaxb-runtime/2.4.0-b180830.0438/2a0705ce8aa988b691c70e8bdcc1613050a148a2/jaxb-runtime-2.4.0-b180830.0438.jar:/Users/ivanpohodnya/.gradle/caches/modules-2/files-2.1/javax.xml.bind/jaxb-api/2.4.0-b180830.0359/b54184b7dcab2031add3f525550c7f1b7e12209d/jaxb-api-2.4.0-b180830.0359.jar:/Users/ivanpohodnya/.gradle/caches/modules-2/files-2.1/com.sun.activation/javax.activation/1.2.0/bf744c1e2776ed1de3c55c8dac1057ec331ef744/javax.activation-1.2.0.jar:/Users/ivanpohodnya/.gradle/caches/modules-2/files-2.1/com.jayway.jsonpath/json-path/2.4.0/765a4401ceb2dc8d40553c2075eb80a8fa35c2ae/json-path-2.4.0.jar:/Users/ivanpohodnya/.gradle/caches/mo--patch-module=client.main=/Users/ivanpohodnya/IdeaProjects/jpms/demo/client/build/classes/java/test --add-modules=client.main --patch-module=hamcrest.core=/Users/ivanpohodnya/.gradle/caches/modules-2/files-2.1/org.hamcrest/hamcrest-library/1.3/4785a3c21320980282f9f33d0d1264a69040538f/hamcrest-library-1.3.jar --patch-module=java.annotation=/Users/ivanpohodnya/.gradle/caches/modules-2/files-2.1/com.google.code.findbugs/jsr305/3.0.1/f7be08ec23c21485b9b5a1cf1654c2ec8c58168d/jsr305-3.0.1.jar -javaagent:build/tmp/expandedArchives/org.jacoco.agent-0.8.2.jar_56a88f9ce507637adfc797f83ef298ef/jacocoagent.jar=destfile=build/jacoco/test.exec,append=true,inclnolocationclasses=false,dumponexit=true,output=file,jmx=false -Dfile.encoding=UTF-8 -Duser.country=RU -Duser.language=ru -Duser.variant -ea worker.org.gradle.process.internal.worker.GradleWorkerMain 'Gradle Test Executor 6'

Host: MacBookPro14,3 x86_64 2900 MHz, 8 cores, 16G, Darwin 16.7.0
Time: Thu Sep 27 12:05:53 2018 MSK elapsed time: 6 seconds (0d 0h 0m 6s)

---------------  T H R E A D  ---------------

Current thread (0x00007f9462003000):  JavaThread "main" [_thread_in_vm, id=8451, stack(0x0000000108640000,0x0000000108740000)]

Stack: [0x0000000108640000,0x0000000108740000],  sp=0x000000010873e610,  free space=1017k
Native frames: (J=compiled Java code, A=aot compiled Java code, j=interpreted, Vv=VM code, C=native code)
V  [libjvm.dylib+0x1fe285]  ClassLoaderData::loader_name_and_id() const+0x7
V  [libjvm.dylib+0x3aea70]  java_lang_ClassLoader::describe_external(oopDesc*)+0xe0
V  [libjvm.dylib+0x4fc2c6]  LinkResolver::check_method_loader_constraints(LinkInfo const&, methodHandle const&, char const*, Thread*)+0x10e
V  [libjvm.dylib+0x4fbbf6]  LinkResolver::resolve_method(LinkInfo const&, Bytecodes::Code, Thread*)+0x300
V  [libjvm.dylib+0x4fda03]  LinkResolver::linktime_resolve_virtual_method(LinkInfo const&, Thread*)+0x3f
V  [libjvm.dylib+0x4fd985]  LinkResolver::resolve_virtual_call(CallInfo&, Handle, Klass*, LinkInfo const&, bool, Thread*)+0x33
V  [libjvm.dylib+0x4fe9f7]  LinkResolver::resolve_invokevirtual(CallInfo&, Handle, constantPoolHandle const&, int, Thread*)+0x77
V  [libjvm.dylib+0x3a04a5]  InterpreterRuntime::resolve_invoke(JavaThread*, Bytecodes::Code)+0x22b
V  [libjvm.dylib+0x3a0ac5]  InterpreterRuntime::resolve_from_cache(JavaThread*, Bytecodes::Code)+0x37
j  org.slf4j.LoggerFactory.getILoggerFactory()Lorg/slf4j/ILoggerFactory;+123
j  org.slf4j.LoggerFactory.getLogger(Ljava/lang/String;)Lorg/slf4j/Logger;+4
j  org.slf4j.LoggerFactory.getLogger(Ljava/lang/Class;)Lorg/slf4j/Logger;+8
j  org.gradle.internal.concurrent.CompositeStoppable.<clinit>()V+6
v  ~StubRoutines::call_stub
V  [libjvm.dylib+0x3a588a]  JavaCalls::call_helper(JavaValue*, methodHandle const&, JavaCallArguments*, Thread*)+0x21a
V  [libjvm.dylib+0x38dde1]  InstanceKlass::call_class_initializer(Thread*)+0x19f
V  [libjvm.dylib+0x38d739]  InstanceKlass::initialize_impl(Thread*)+0x49f
V  [libjvm.dylib+0x4fce83]  LinkResolver::resolve_static_call(CallInfo&, LinkInfo const&, bool, Thread*)+0x6b
V  [libjvm.dylib+0x4fe919]  LinkResolver::resolve_invokestatic(CallInfo&, constantPoolHandle const&, int, Thread*)+0x35
V  [libjvm.dylib+0x3a04a5]  InterpreterRuntime::resolve_invoke(JavaThread*, Bytecodes::Code)+0x22b
V  [libjvm.dylib+0x3a0ac5]  InterpreterRuntime::resolve_from_cache(JavaThread*, Bytecodes::Code)+0x37
j  org.gradle.internal.service.DefaultServiceRegistry$OwnServices.<init>(Lorg/gradle/internal/service/DefaultServiceRegistry;)V+41
j  org.gradle.internal.service.DefaultServiceRegistry$OwnServices.<init>(Lorg/gradle/internal/service/DefaultServiceRegistry;Lorg/gradle/internal/service/DefaultServiceRegistry$1;)V+6
j  org.gradle.internal.service.DefaultServiceRegistry.<init>(Ljava/lang/String;[Lorg/gradle/internal/service/ServiceRegistry;)V+42
j  org.gradle.internal.service.DefaultServiceRegistry.<init>()V+9
j  org.gradle.internal.logging.services.LoggingServiceRegistry.<init>()V+5
j  org.gradle.internal.logging.services.LoggingServiceRegistry$CommandLineLogging.<init>()V+5
j  org.gradle.internal.logging.services.LoggingServiceRegistry$CommandLineLogging.<init>(Lorg/gradle/internal/logging/services/LoggingServiceRegistry$1;)V+5
j  org.gradle.internal.logging.services.LoggingServiceRegistry.newEmbeddableLogging()Lorg/gradle/internal/logging/services/LoggingServiceRegistry;+9
j  org.gradle.process.internal.worker.child.SystemApplicationClassLoaderWorker.createLoggingManager()Lorg/gradle/internal/logging/LoggingManagerInternal;+4
j  org.gradle.process.internal.worker.child.SystemApplicationClassLoaderWorker.call()Ljava/lang/Void;+56
j  org.gradle.process.internal.worker.child.SystemApplicationClassLoaderWorker.call()Ljava/lang/Object;+5
j  worker.org.gradle.process.internal.worker.GradleWorkerMain.run()V+320
j  worker.org.gradle.process.internal.worker.GradleWorkerMain.main([Ljava/lang/String;)V+11
v  ~StubRoutines::call_stub
V  [libjvm.dylib+0x3a588a]  JavaCalls::call_helper(JavaValue*, methodHandle const&, JavaCallArguments*, Thread*)+0x21a
V  [libjvm.dylib+0x3e944f]  jni_invoke_static(JNIEnv_*, JavaValue*, _jobject*, JNICallType, _jmethodID*, JNI_ArgumentPusher*, Thread*)+0x11c
V  [libjvm.dylib+0x3ecc30]  jni_CallStaticVoidMethod+0x1d1
C  [java+0x4801]  JavaMain+0xab4
C  [libsystem_pthread.dylib+0x393b]  _pthread_body+0xb4
C  [libsystem_pthread.dylib+0x3887]  _pthread_body+0x0
C  [libsystem_pthread.dylib+0x308d]  thread_start+0xd

Java frames: (J=compiled Java code, j=interpreted, Vv=VM code)
j  org.slf4j.LoggerFactory.getILoggerFactory()Lorg/slf4j/ILoggerFactory;+123
j  org.slf4j.LoggerFactory.getLogger(Ljava/lang/String;)Lorg/slf4j/Logger;+4
j  org.slf4j.LoggerFactory.getLogger(Ljava/lang/Class;)Lorg/slf4j/Logger;+8
j  org.gradle.internal.concurrent.CompositeStoppable.<clinit>()V+6
v  ~StubRoutines::call_stub
j  org.gradle.internal.service.DefaultServiceRegistry$OwnServices.<init>(Lorg/gradle/internal/service/DefaultServiceRegistry;)V+41
j  org.gradle.internal.service.DefaultServiceRegistry$OwnServices.<init>(Lorg/gradle/internal/service/DefaultServiceRegistry;Lorg/gradle/internal/service/DefaultServiceRegistry$1;)V+6
j  org.gradle.internal.service.DefaultServiceRegistry.<init>(Ljava/lang/String;[Lorg/gradle/internal/service/ServiceRegistry;)V+42
j  org.gradle.internal.service.DefaultServiceRegistry.<init>()V+9
j  org.gradle.internal.logging.services.LoggingServiceRegistry.<init>()V+5
j  org.gradle.internal.logging.services.LoggingServiceRegistry$CommandLineLogging.<init>()V+5
j  org.gradle.internal.logging.services.LoggingServiceRegistry$CommandLineLogging.<init>(Lorg/gradle/internal/logging/services/LoggingServiceRegistry$1;)V+5
j  org.gradle.internal.logging.services.LoggingServiceRegistry.newEmbeddableLogging()Lorg/gradle/internal/logging/services/LoggingServiceRegistry;+9
j  org.gradle.process.internal.worker.child.SystemApplicationClassLoaderWorker.createLoggingManager()Lorg/gradle/internal/logging/LoggingManagerInternal;+4
j  org.gradle.process.internal.worker.child.SystemApplicationClassLoaderWorker.call()Ljava/lang/Void;+56
j  org.gradle.process.internal.worker.child.SystemApplicationClassLoaderWorker.call()Ljava/lang/Object;+5
j  worker.org.gradle.process.internal.worker.GradleWorkerMain.run()V+320
j  worker.org.gradle.process.internal.worker.GradleWorkerMain.main([Ljava/lang/String;)V+11
v  ~StubRoutines::call_stub

siginfo: si_signo: 11 (SIGSEGV), si_code: 1 (SEGV_MAPERR), si_addr: 0x0000000000000078

Register to memory mapping:

RAX=0x0 is NULL
RBX=0x00000006cce893e8 is an oop
worker.org.gradle.internal.classloader.FilteringClassLoader 
{0x00000006cce893e8} - klass: 'worker/org/gradle/internal/classloader/FilteringClassLoader'
RCX=0x0000000000000003 is an unknown value
RDX=0x000000010a13f450: _ZN8Universe11_narrow_oopE+0 in /Users/ivanpohodnya/dev_components/jdk-11.jdk/Contents/Home/lib/server/libjvm.dylib at 0x0000000109800000
RSP=0x000000010873e610 is pointing into the stack for thread: 0x00007f9462003000
RBP=0x000000010873e610 is pointing into the stack for thread: 0x00007f9462003000
RSI=0x000000000000000c is an unknown value
RDI=0x0 is NULL
R8 =0x00007fffc0d38650: __vfprintf.xdigs_lower+0 in /usr/lib/system/libsystem_c.dylib at 0x00007fffc0cb0000
R9 =0x00007fffc0cfaa50: __vfprintf+0x4699 in /usr/lib/system/libsystem_c.dylib at 0x00007fffc0cb0000
R10=0x0000000000000003 is an unknown value
R11=0x00007f9358fc30e0 is an unknown value
R12=0x000000010a163111: UseCompressedClassPointers+0 in /Users/ivanpohodnya/dev_components/jdk-11.jdk/Contents/Home/lib/server/libjvm.dylib at 0x0000000109800000
R13=0x000000010873ea60 is pointing into the stack for thread: 0x00007f9462003000
R14=0x00007f9461700df0 points into unknown readable memory
R15=0x00000000c00cf800 is an unknown value


Registers:
RAX=0x0000000000000000, RBX=0x00000006cce893e8, RCX=0x0000000000000003, RDX=0x000000010a13f450
RSP=0x000000010873e610, RBP=0x000000010873e610, RSI=0x000000000000000c, RDI=0x0000000000000000
R8 =0x00007fffc0d38650, R9 =0x00007fffc0cfaa50, R10=0x0000000000000003, R11=0x00007f9358fc30e0
R12=0x000000010a163111, R13=0x000000010873ea60, R14=0x00007f9461700df0, R15=0x00000000c00cf800
RIP=0x00000001099fe285, EFLAGS=0x0000000000010206, ERR=0x0000000000000004
  TRAPNO=0x000000000000000e

Top of Stack: (sp=0x000000010873e610)
0x000000010873e610:   000000010873e6a0 0000000109baea70
0x000000010873e620:   000000010873e650 000000010a100ee0
0x000000010873e630:   0000005000000000 0000000000000046
0x000000010873e640:   0000000000000000 0000000000000000
0x000000010873e650:   0000000000000000 0000000000000000
0x000000010873e660:   00007f9461700e20 0000000000000046
0x000000010873e670:   0000000000000100 00000006ce62de00
0x000000010873e680:   00000006ce62de28 00007f94617004a0
0x000000010873e690:   00007f9461700498 00007f9461537540
0x000000010873e6a0:   000000010873e750 0000000109cfc2c6
0x000000010873e6b0:   00007f9461700c40 00007f9461700cb0
0x000000010873e6c0:   00007f9461700cc0 00007f9461701098
0x000000010873e6d0:   00000000000003d8 0000000109f995c6
0x000000010873e6e0:   00007f9462003000 00000007c00dadd0
0x000000010873e6f0:   00007f9461537580 0000000000000000
0x000000010873e700:   0000000000000001 00007f9461536760
0x000000010873e710:   00007f9461700d60 0000000109cfb14b
0x000000010873e720:   000000010873e768 000000010873ea60
0x000000010873e730:   00007f9462003000 000000010873eae0
0x000000010873e740:   000000010873e8e0 00000007c00dadd0
0x000000010873e750:   000000010873e8a0 0000000109cfbbf6
0x000000010873e760:   000000010873e810 000000012f920568
0x000000010873e770:   00007f9462003000 000000012f914b80
0x000000010873e780:   000000010873e970 000000010873e920
0x000000010873e790:   000000010873e7b0 0000000109b6abcd
0x000000010873e7a0:   000000012f920568 000000012e4aea18
0x000000010873e7b0:   000000010873e9f0 000000010873ea10
0x000000010873e7c0:   000000010873e7f0 0000000109b6ac97
0x000000010873e7d0:   00007f9462003000 000000010873e8c0
0x000000010873e7e0:   000000010873e830 0000000109a2b287
0x000000010873e7f0:   000000010873e830 0000000109cfa9b8
0x000000010873e800:   00007f9462003000 00000000fffffffe 

Instructions: (pc=0x00000001099fe285)
0x00000001099fe265:   12 48 89 c7 5d e9 6f 33 4d 00 48 8d 05 cc 7d 59
0x00000001099fe275:   00 5d c3 5d e9 64 04 2e 00 55 48 89 e5 48 89 f8
0x00000001099fe285:   48 8b 78 78 48 85 ff 74 15 48 8b 80 88 00 00 00
0x00000001099fe295:   48 85 c0 74 12 48 89 c7 5d e9 3b 33 4d 00 48 8d 


---------------  P R O C E S S  ---------------

Threads class SMR info:
_java_thread_list=0x00007f94616406a0, length=10, elements={
0x00007f9462003000, 0x00007f9461867800, 0x00007f9461855000, 0x00007f9462102000,
0x00007f9462105000, 0x00007f9461857000, 0x00007f946303a800, 0x00007f9462142800,
0x00007f9464293800, 0x00007f946411e800
}

Java Threads: ( => current thread )
=>0x00007f9462003000 JavaThread "main" [_thread_in_vm, id=8451, stack(0x0000000108640000,0x0000000108740000)]
  0x00007f9461867800 JavaThread "Reference Handler" daemon [_thread_blocked, id=15875, stack(0x00007000021e5000,0x00007000022e5000)]
  0x00007f9461855000 JavaThread "Finalizer" daemon [_thread_blocked, id=16643, stack(0x00007000022e8000,0x00007000023e8000)]
  0x00007f9462102000 JavaThread "Signal Dispatcher" daemon [_thread_blocked, id=20235, stack(0x00007000023eb000,0x00007000024eb000)]
  0x00007f9462105000 JavaThread "C2 CompilerThread0" daemon [_thread_in_native, id=20995, stack(0x00007000024ee000,0x00007000025ee000)]
  0x00007f9461857000 JavaThread "C1 CompilerThread0" daemon [_thread_blocked, id=21763, stack(0x00007000025f1000,0x00007000026f1000)]
  0x00007f946303a800 JavaThread "Sweeper thread" daemon [_thread_blocked, id=22531, stack(0x00007000026f4000,0x00007000027f4000)]
  0x00007f9462142800 JavaThread "Common-Cleaner" daemon [_thread_blocked, id=23299, stack(0x00007000027f7000,0x00007000028f7000)]
  0x00007f9464293800 JavaThread "Service Thread" daemon [_thread_blocked, id=24327, stack(0x0000700001acd000,0x0000700001bcd000)]
  0x00007f946411e800 JavaThread "C2 CompilerThread1" daemon [_thread_blocked, id=4615, stack(0x00007000029fd000,0x0000700002afd000)]

Other Threads:
  0x00007f94620f1000 VMThread "VM Thread" [stack: 0x00007000020e2000,0x00007000021e2000] [id=15107]
  0x00007f94623e1000 WatcherThread [stack: 0x00007000028fa000,0x00007000029fa000] [id=24839]
  0x00007f946200f000 GCTaskThread "GC Thread#0" [stack: 0x0000700001bd3000,0x0000700001cd3000] [id=12035]
  0x00007f9463075800 GCTaskThread "GC Thread#1" [stack: 0x0000700002b00000,0x0000700002c00000] [id=25347]
  0x00007f9463129000 GCTaskThread "GC Thread#2" [stack: 0x0000700002c03000,0x0000700002d03000] [id=25859]
  0x00007f946312a000 GCTaskThread "GC Thread#3" [stack: 0x0000700002d06000,0x0000700002e06000] [id=26371]
  0x00007f94631ec000 GCTaskThread "GC Thread#4" [stack: 0x0000700002e09000,0x0000700002f09000] [id=26883]
  0x00007f946217c000 GCTaskThread "GC Thread#5" [stack: 0x0000700002f0c000,0x000070000300c000] [id=27395]
  0x00007f946204c000 ConcurrentGCThread "G1 Main Marker" [stack: 0x0000700001cd6000,0x0000700001dd6000] [id=12547]
  0x00007f946204c800 ConcurrentGCThread "G1 Conc#0" [stack: 0x0000700001dd9000,0x0000700001ed9000] [id=13571]
  0x00007f94620ed800 ConcurrentGCThread "G1 Refine#0" [stack: 0x0000700001edc000,0x0000700001fdc000] [id=14083]
  0x00007f94620ee000 ConcurrentGCThread "G1 Young RemSet Sampling" [stack: 0x0000700001fdf000,0x00007000020df000] [id=14595]

Threads with active compile tasks:
C2 CompilerThread01599       4       org.jacoco.agent.rt.internal_28bab1d.asm.commons.AnalyzerAdapter::execute (1997 bytes)

VM state:not at safepoint (normal execution)

VM Mutex/Monitor currently owned by a thread: None

Heap address: 0x00000006c0000000, size: 4096 MB, Compressed Oops mode: Zero based, Oop shift amount: 3
Narrow klass base: 0x0000000000000000, Narrow klass shift: 3
Compressed class space size: 1073741824 Address: 0x00000007c0000000

Heap:
 garbage-first heap   total 262144K, used 66803K [0x00000006c0000000, 0x00000007c0000000)
  region size 1024K, 68 young (69632K), 2 survivors (2048K)
 Metaspace       used 11320K, capacity 11558K, committed 11904K, reserved 1060864K
  class space    used 1047K, capacity 1125K, committed 1152K, reserved 1048576K
Heap Regions: E=young(eden), S=young(survivor), O=old, HS=humongous(starts), HC=humongous(continues), CS=collection set, F=free, A=archive, TAMS=top-at-mark-start (previous, next)
|   0|0x00000006c0000000, 0x00000006c0000000, 0x00000006c0100000|  0%| F|  |TAMS 0x00000006c0000000, 0x00000006c0000000| Untracked 
|   1|0x00000006c0100000, 0x00000006c0100000, 0x00000006c0200000|  0%| F|  |TAMS 0x00000006c0100000, 0x00000006c0100000| Untracked 
|   2|0x00000006c0200000, 0x00000006c0200000, 0x00000006c0300000|  0%| F|  |TAMS 0x00000006c0200000, 0x00000006c0200000| Untracked 
|   3|0x00000006c0300000, 0x00000006c0300000, 0x00000006c0400000|  0%| F|  |TAMS 0x00000006c0300000, 0x00000006c0300000| Untracked 
|   4|0x00000006c0400000, 0x00000006c0400000, 0x00000006c0500000|  0%| F|  |TAMS 0x00000006c0400000, 0x00000006c0400000| Untracked 
|   5|0x00000006c0500000, 0x00000006c0500000, 0x00000006c0600000|  0%| F|  |TAMS 0x00000006c0500000, 0x00000006c0500000| Untracked 
|   6|0x00000006c0600000, 0x00000006c0600000, 0x00000006c0700000|  0%| F|  |TAMS 0x00000006c0600000, 0x00000006c0600000| Untracked 
|   7|0x00000006c0700000, 0x00000006c0700000, 0x00000006c0800000|  0%| F|  |TAMS 0x00000006c0700000, 0x00000006c0700000| Untracked 
|   8|0x00000006c0800000, 0x00000006c0800000, 0x00000006c0900000|  0%| F|  |TAMS 0x00000006c0800000, 0x00000006c0800000| Untracked 
|   9|0x00000006c0900000, 0x00000006c0900000, 0x00000006c0a00000|  0%| F|  |TAMS 0x00000006c0900000, 0x00000006c0900000| Untracked 
|  10|0x00000006c0a00000, 0x00000006c0a00000, 0x00000006c0b00000|  0%| F|  |TAMS 0x00000006c0a00000, 0x00000006c0a00000| Untracked 
|  11|0x00000006c0b00000, 0x00000006c0b00000, 0x00000006c0c00000|  0%| F|  |TAMS 0x00000006c0b00000, 0x00000006c0b00000| Untracked 
|  12|0x00000006c0c00000, 0x00000006c0c00000, 0x00000006c0d00000|  0%| F|  |TAMS 0x00000006c0c00000, 0x00000006c0c00000| Untracked 
|  13|0x00000006c0d00000, 0x00000006c0d00000, 0x00000006c0e00000|  0%| F|  |TAMS 0x00000006c0d00000, 0x00000006c0d00000| Untracked 
|  14|0x00000006c0e00000, 0x00000006c0e00000, 0x00000006c0f00000|  0%| F|  |TAMS 0x00000006c0e00000, 0x00000006c0e00000| Untracked 
|  15|0x00000006c0f00000, 0x00000006c0f00000, 0x00000006c1000000|  0%| F|  |TAMS 0x00000006c0f00000, 0x00000006c0f00000| Untracked 
|  16|0x00000006c1000000, 0x00000006c1000000, 0x00000006c1100000|  0%| F|  |TAMS 0x00000006c1000000, 0x00000006c1000000| Untracked 
|  17|0x00000006c1100000, 0x00000006c1100000, 0x00000006c1200000|  0%| F|  |TAMS 0x00000006c1100000, 0x00000006c1100000| Untracked 
|  18|0x00000006c1200000, 0x00000006c1200000, 0x00000006c1300000|  0%| F|  |TAMS 0x00000006c1200000, 0x00000006c1200000| Untracked 
|  19|0x00000006c1300000, 0x00000006c1300000, 0x00000006c1400000|  0%| F|  |TAMS 0x00000006c1300000, 0x00000006c1300000| Untracked 
|  20|0x00000006c1400000, 0x00000006c1400000, 0x00000006c1500000|  0%| F|  |TAMS 0x00000006c1400000, 0x00000006c1400000| Untracked 
|  21|0x00000006c1500000, 0x00000006c1500000, 0x00000006c1600000|  0%| F|  |TAMS 0x00000006c1500000, 0x00000006c1500000| Untracked 
|  22|0x00000006c1600000, 0x00000006c1600000, 0x00000006c1700000|  0%| F|  |TAMS 0x00000006c1600000, 0x00000006c1600000| Untracked 
|  23|0x00000006c1700000, 0x00000006c1700000, 0x00000006c1800000|  0%| F|  |TAMS 0x00000006c1700000, 0x00000006c1700000| Untracked 
|  24|0x00000006c1800000, 0x00000006c1800000, 0x00000006c1900000|  0%| F|  |TAMS 0x00000006c1800000, 0x00000006c1800000| Untracked 
|  25|0x00000006c1900000, 0x00000006c1900000, 0x00000006c1a00000|  0%| F|  |TAMS 0x00000006c1900000, 0x00000006c1900000| Untracked 
|  26|0x00000006c1a00000, 0x00000006c1a00000, 0x00000006c1b00000|  0%| F|  |TAMS 0x00000006c1a00000, 0x00000006c1a00000| Untracked 
|  27|0x00000006c1b00000, 0x00000006c1b00000, 0x00000006c1c00000|  0%| F|  |TAMS 0x00000006c1b00000, 0x00000006c1b00000| Untracked 
|  28|0x00000006c1c00000, 0x00000006c1c00000, 0x00000006c1d00000|  0%| F|  |TAMS 0x00000006c1c00000, 0x00000006c1c00000| Untracked 
|  29|0x00000006c1d00000, 0x00000006c1d00000, 0x00000006c1e00000|  0%| F|  |TAMS 0x00000006c1d00000, 0x00000006c1d00000| Untracked 
|  30|0x00000006c1e00000, 0x00000006c1e00000, 0x00000006c1f00000|  0%| F|  |TAMS 0x00000006c1e00000, 0x00000006c1e00000| Untracked 
|  31|0x00000006c1f00000, 0x00000006c1f00000, 0x00000006c2000000|  0%| F|  |TAMS 0x00000006c1f00000, 0x00000006c1f00000| Untracked 
|  32|0x00000006c2000000, 0x00000006c2000000, 0x00000006c2100000|  0%| F|  |TAMS 0x00000006c2000000, 0x00000006c2000000| Untracked 
|  33|0x00000006c2100000, 0x00000006c2100000, 0x00000006c2200000|  0%| F|  |TAMS 0x00000006c2100000, 0x00000006c2100000| Untracked 
|  34|0x00000006c2200000, 0x00000006c2200000, 0x00000006c2300000|  0%| F|  |TAMS 0x00000006c2200000, 0x00000006c2200000| Untracked 
|  35|0x00000006c2300000, 0x00000006c2300000, 0x00000006c2400000|  0%| F|  |TAMS 0x00000006c2300000, 0x00000006c2300000| Untracked 
|  36|0x00000006c2400000, 0x00000006c2400000, 0x00000006c2500000|  0%| F|  |TAMS 0x00000006c2400000, 0x00000006c2400000| Untracked 
|  37|0x00000006c2500000, 0x00000006c2500000, 0x00000006c2600000|  0%| F|  |TAMS 0x00000006c2500000, 0x00000006c2500000| Untracked 
|  38|0x00000006c2600000, 0x00000006c2600000, 0x00000006c2700000|  0%| F|  |TAMS 0x00000006c2600000, 0x00000006c2600000| Untracked 
|  39|0x00000006c2700000, 0x00000006c2700000, 0x00000006c2800000|  0%| F|  |TAMS 0x00000006c2700000, 0x00000006c2700000| Untracked 
|  40|0x00000006c2800000, 0x00000006c2800000, 0x00000006c2900000|  0%| F|  |TAMS 0x00000006c2800000, 0x00000006c2800000| Untracked 
|  41|0x00000006c2900000, 0x00000006c2900000, 0x00000006c2a00000|  0%| F|  |TAMS 0x00000006c2900000, 0x00000006c2900000| Untracked 
|  42|0x00000006c2a00000, 0x00000006c2a00000, 0x00000006c2b00000|  0%| F|  |TAMS 0x00000006c2a00000, 0x00000006c2a00000| Untracked 
|  43|0x00000006c2b00000, 0x00000006c2b00000, 0x00000006c2c00000|  0%| F|  |TAMS 0x00000006c2b00000, 0x00000006c2b00000| Untracked 
|  44|0x00000006c2c00000, 0x00000006c2c00000, 0x00000006c2d00000|  0%| F|  |TAMS 0x00000006c2c00000, 0x00000006c2c00000| Untracked 
|  45|0x00000006c2d00000, 0x00000006c2d00000, 0x00000006c2e00000|  0%| F|  |TAMS 0x00000006c2d00000, 0x00000006c2d00000| Untracked 
|  46|0x00000006c2e00000, 0x00000006c2e00000, 0x00000006c2f00000|  0%| F|  |TAMS 0x00000006c2e00000, 0x00000006c2e00000| Untracked 
|  47|0x00000006c2f00000, 0x00000006c2f00000, 0x00000006c3000000|  0%| F|  |TAMS 0x00000006c2f00000, 0x00000006c2f00000| Untracked 
|  48|0x00000006c3000000, 0x00000006c3000000, 0x00000006c3100000|  0%| F|  |TAMS 0x00000006c3000000, 0x00000006c3000000| Untracked 
|  49|0x00000006c3100000, 0x00000006c3100000, 0x00000006c3200000|  0%| F|  |TAMS 0x00000006c3100000, 0x00000006c3100000| Untracked 
|  50|0x00000006c3200000, 0x00000006c3200000, 0x00000006c3300000|  0%| F|  |TAMS 0x00000006c3200000, 0x00000006c3200000| Untracked 
|  51|0x00000006c3300000, 0x00000006c3300000, 0x00000006c3400000|  0%| F|  |TAMS 0x00000006c3300000, 0x00000006c3300000| Untracked 
|  52|0x00000006c3400000, 0x00000006c3400000, 0x00000006c3500000|  0%| F|  |TAMS 0x00000006c3400000, 0x00000006c3400000| Untracked 
|  53|0x00000006c3500000, 0x00000006c3500000, 0x00000006c3600000|  0%| F|  |TAMS 0x00000006c3500000, 0x00000006c3500000| Untracked 
|  54|0x00000006c3600000, 0x00000006c3600000, 0x00000006c3700000|  0%| F|  |TAMS 0x00000006c3600000, 0x00000006c3600000| Untracked 
|  55|0x00000006c3700000, 0x00000006c3700000, 0x00000006c3800000|  0%| F|  |TAMS 0x00000006c3700000, 0x00000006c3700000| Untracked 
|  56|0x00000006c3800000, 0x00000006c3800000, 0x00000006c3900000|  0%| F|  |TAMS 0x00000006c3800000, 0x00000006c3800000| Untracked 
|  57|0x00000006c3900000, 0x00000006c3900000, 0x00000006c3a00000|  0%| F|  |TAMS 0x00000006c3900000, 0x00000006c3900000| Untracked 
|  58|0x00000006c3a00000, 0x00000006c3a00000, 0x00000006c3b00000|  0%| F|  |TAMS 0x00000006c3a00000, 0x00000006c3a00000| Untracked 
|  59|0x00000006c3b00000, 0x00000006c3b00000, 0x00000006c3c00000|  0%| F|  |TAMS 0x00000006c3b00000, 0x00000006c3b00000| Untracked 
|  60|0x00000006c3c00000, 0x00000006c3c00000, 0x00000006c3d00000|  0%| F|  |TAMS 0x00000006c3c00000, 0x00000006c3c00000| Untracked 
|  61|0x00000006c3d00000, 0x00000006c3d00000, 0x00000006c3e00000|  0%| F|  |TAMS 0x00000006c3d00000, 0x00000006c3d00000| Untracked 
|  62|0x00000006c3e00000, 0x00000006c3e00000, 0x00000006c3f00000|  0%| F|  |TAMS 0x00000006c3e00000, 0x00000006c3e00000| Untracked 
|  63|0x00000006c3f00000, 0x00000006c3f00000, 0x00000006c4000000|  0%| F|  |TAMS 0x00000006c3f00000, 0x00000006c3f00000| Untracked 
|  64|0x00000006c4000000, 0x00000006c4000000, 0x00000006c4100000|  0%| F|  |TAMS 0x00000006c4000000, 0x00000006c4000000| Untracked 
|  65|0x00000006c4100000, 0x00000006c4100000, 0x00000006c4200000|  0%| F|  |TAMS 0x00000006c4100000, 0x00000006c4100000| Untracked 
|  66|0x00000006c4200000, 0x00000006c4200000, 0x00000006c4300000|  0%| F|  |TAMS 0x00000006c4200000, 0x00000006c4200000| Untracked 
|  67|0x00000006c4300000, 0x00000006c4300000, 0x00000006c4400000|  0%| F|  |TAMS 0x00000006c4300000, 0x00000006c4300000| Untracked 
|  68|0x00000006c4400000, 0x00000006c4400000, 0x00000006c4500000|  0%| F|  |TAMS 0x00000006c4400000, 0x00000006c4400000| Untracked 
|  69|0x00000006c4500000, 0x00000006c4500000, 0x00000006c4600000|  0%| F|  |TAMS 0x00000006c4500000, 0x00000006c4500000| Untracked 
|  70|0x00000006c4600000, 0x00000006c4600000, 0x00000006c4700000|  0%| F|  |TAMS 0x00000006c4600000, 0x00000006c4600000| Untracked 
|  71|0x00000006c4700000, 0x00000006c4700000, 0x00000006c4800000|  0%| F|  |TAMS 0x00000006c4700000, 0x00000006c4700000| Untracked 
|  72|0x00000006c4800000, 0x00000006c4800000, 0x00000006c4900000|  0%| F|  |TAMS 0x00000006c4800000, 0x00000006c4800000| Untracked 
|  73|0x00000006c4900000, 0x00000006c4900000, 0x00000006c4a00000|  0%| F|  |TAMS 0x00000006c4900000, 0x00000006c4900000| Untracked 
|  74|0x00000006c4a00000, 0x00000006c4a00000, 0x00000006c4b00000|  0%| F|  |TAMS 0x00000006c4a00000, 0x00000006c4a00000| Untracked 
|  75|0x00000006c4b00000, 0x00000006c4b00000, 0x00000006c4c00000|  0%| F|  |TAMS 0x00000006c4b00000, 0x00000006c4b00000| Untracked 
|  76|0x00000006c4c00000, 0x00000006c4c00000, 0x00000006c4d00000|  0%| F|  |TAMS 0x00000006c4c00000, 0x00000006c4c00000| Untracked 
|  77|0x00000006c4d00000, 0x00000006c4d00000, 0x00000006c4e00000|  0%| F|  |TAMS 0x00000006c4d00000, 0x00000006c4d00000| Untracked 
|  78|0x00000006c4e00000, 0x00000006c4e00000, 0x00000006c4f00000|  0%| F|  |TAMS 0x00000006c4e00000, 0x00000006c4e00000| Untracked 
|  79|0x00000006c4f00000, 0x00000006c4f00000, 0x00000006c5000000|  0%| F|  |TAMS 0x00000006c4f00000, 0x00000006c4f00000| Untracked 
|  80|0x00000006c5000000, 0x00000006c5000000, 0x00000006c5100000|  0%| F|  |TAMS 0x00000006c5000000, 0x00000006c5000000| Untracked 
|  81|0x00000006c5100000, 0x00000006c5100000, 0x00000006c5200000|  0%| F|  |TAMS 0x00000006c5100000, 0x00000006c5100000| Untracked 
|  82|0x00000006c5200000, 0x00000006c5200000, 0x00000006c5300000|  0%| F|  |TAMS 0x00000006c5200000, 0x00000006c5200000| Untracked 
|  83|0x00000006c5300000, 0x00000006c5300000, 0x00000006c5400000|  0%| F|  |TAMS 0x00000006c5300000, 0x00000006c5300000| Untracked 
|  84|0x00000006c5400000, 0x00000006c5400000, 0x00000006c5500000|  0%| F|  |TAMS 0x00000006c5400000, 0x00000006c5400000| Untracked 
|  85|0x00000006c5500000, 0x00000006c5500000, 0x00000006c5600000|  0%| F|  |TAMS 0x00000006c5500000, 0x00000006c5500000| Untracked 
|  86|0x00000006c5600000, 0x00000006c5600000, 0x00000006c5700000|  0%| F|  |TAMS 0x00000006c5600000, 0x00000006c5600000| Untracked 
|  87|0x00000006c5700000, 0x00000006c5700000, 0x00000006c5800000|  0%| F|  |TAMS 0x00000006c5700000, 0x00000006c5700000| Untracked 
|  88|0x00000006c5800000, 0x00000006c5800000, 0x00000006c5900000|  0%| F|  |TAMS 0x00000006c5800000, 0x00000006c5800000| Untracked 
|  89|0x00000006c5900000, 0x00000006c5900000, 0x00000006c5a00000|  0%| F|  |TAMS 0x00000006c5900000, 0x00000006c5900000| Untracked 
|  90|0x00000006c5a00000, 0x00000006c5a00000, 0x00000006c5b00000|  0%| F|  |TAMS 0x00000006c5a00000, 0x00000006c5a00000| Untracked 
|  91|0x00000006c5b00000, 0x00000006c5b00000, 0x00000006c5c00000|  0%| F|  |TAMS 0x00000006c5b00000, 0x00000006c5b00000| Untracked 
|  92|0x00000006c5c00000, 0x00000006c5c00000, 0x00000006c5d00000|  0%| F|  |TAMS 0x00000006c5c00000, 0x00000006c5c00000| Untracked 
|  93|0x00000006c5d00000, 0x00000006c5d00000, 0x00000006c5e00000|  0%| F|  |TAMS 0x00000006c5d00000, 0x00000006c5d00000| Untracked 
|  94|0x00000006c5e00000, 0x00000006c5e00000, 0x00000006c5f00000|  0%| F|  |TAMS 0x00000006c5e00000, 0x00000006c5e00000| Untracked 
|  95|0x00000006c5f00000, 0x00000006c5f00000, 0x00000006c6000000|  0%| F|  |TAMS 0x00000006c5f00000, 0x00000006c5f00000| Untracked 
|  96|0x00000006c6000000, 0x00000006c6000000, 0x00000006c6100000|  0%| F|  |TAMS 0x00000006c6000000, 0x00000006c6000000| Untracked 
|  97|0x00000006c6100000, 0x00000006c6100000, 0x00000006c6200000|  0%| F|  |TAMS 0x00000006c6100000, 0x00000006c6100000| Untracked 
|  98|0x00000006c6200000, 0x00000006c6200000, 0x00000006c6300000|  0%| F|  |TAMS 0x00000006c6200000, 0x00000006c6200000| Untracked 
|  99|0x00000006c6300000, 0x00000006c6300000, 0x00000006c6400000|  0%| F|  |TAMS 0x00000006c6300000, 0x00000006c6300000| Untracked 
| 100|0x00000006c6400000, 0x00000006c6400000, 0x00000006c6500000|  0%| F|  |TAMS 0x00000006c6400000, 0x00000006c6400000| Untracked 
| 101|0x00000006c6500000, 0x00000006c6500000, 0x00000006c6600000|  0%| F|  |TAMS 0x00000006c6500000, 0x00000006c6500000| Untracked 
| 102|0x00000006c6600000, 0x00000006c6600000, 0x00000006c6700000|  0%| F|  |TAMS 0x00000006c6600000, 0x00000006c6600000| Untracked 
| 103|0x00000006c6700000, 0x00000006c6700000, 0x00000006c6800000|  0%| F|  |TAMS 0x00000006c6700000, 0x00000006c6700000| Untracked 
| 104|0x00000006c6800000, 0x00000006c6800000, 0x00000006c6900000|  0%| F|  |TAMS 0x00000006c6800000, 0x00000006c6800000| Untracked 
| 105|0x00000006c6900000, 0x00000006c6900000, 0x00000006c6a00000|  0%| F|  |TAMS 0x00000006c6900000, 0x00000006c6900000| Untracked 
| 106|0x00000006c6a00000, 0x00000006c6a00000, 0x00000006c6b00000|  0%| F|  |TAMS 0x00000006c6a00000, 0x00000006c6a00000| Untracked 
| 107|0x00000006c6b00000, 0x00000006c6b00000, 0x00000006c6c00000|  0%| F|  |TAMS 0x00000006c6b00000, 0x00000006c6b00000| Untracked 
| 108|0x00000006c6c00000, 0x00000006c6c00000, 0x00000006c6d00000|  0%| F|  |TAMS 0x00000006c6c00000, 0x00000006c6c00000| Untracked 
| 109|0x00000006c6d00000, 0x00000006c6d00000, 0x00000006c6e00000|  0%| F|  |TAMS 0x00000006c6d00000, 0x00000006c6d00000| Untracked 
| 110|0x00000006c6e00000, 0x00000006c6e00000, 0x00000006c6f00000|  0%| F|  |TAMS 0x00000006c6e00000, 0x00000006c6e00000| Untracked 
| 111|0x00000006c6f00000, 0x00000006c6f00000, 0x00000006c7000000|  0%| F|  |TAMS 0x00000006c6f00000, 0x00000006c6f00000| Untracked 
| 112|0x00000006c7000000, 0x00000006c7000000, 0x00000006c7100000|  0%| F|  |TAMS 0x00000006c7000000, 0x00000006c7000000| Untracked 
| 113|0x00000006c7100000, 0x00000006c7100000, 0x00000006c7200000|  0%| F|  |TAMS 0x00000006c7100000, 0x00000006c7100000| Untracked 
| 114|0x00000006c7200000, 0x00000006c7200000, 0x00000006c7300000|  0%| F|  |TAMS 0x00000006c7200000, 0x00000006c7200000| Untracked 
| 115|0x00000006c7300000, 0x00000006c7300000, 0x00000006c7400000|  0%| F|  |TAMS 0x00000006c7300000, 0x00000006c7300000| Untracked 
| 116|0x00000006c7400000, 0x00000006c7400000, 0x00000006c7500000|  0%| F|  |TAMS 0x00000006c7400000, 0x00000006c7400000| Untracked 
| 117|0x00000006c7500000, 0x00000006c7500000, 0x00000006c7600000|  0%| F|  |TAMS 0x00000006c7500000, 0x00000006c7500000| Untracked 
| 118|0x00000006c7600000, 0x00000006c7600000, 0x00000006c7700000|  0%| F|  |TAMS 0x00000006c7600000, 0x00000006c7600000| Untracked 
| 119|0x00000006c7700000, 0x00000006c7700000, 0x00000006c7800000|  0%| F|  |TAMS 0x00000006c7700000, 0x00000006c7700000| Untracked 
| 120|0x00000006c7800000, 0x00000006c7800000, 0x00000006c7900000|  0%| F|  |TAMS 0x00000006c7800000, 0x00000006c7800000| Untracked 
| 121|0x00000006c7900000, 0x00000006c7900000, 0x00000006c7a00000|  0%| F|  |TAMS 0x00000006c7900000, 0x00000006c7900000| Untracked 
| 122|0x00000006c7a00000, 0x00000006c7a00000, 0x00000006c7b00000|  0%| F|  |TAMS 0x00000006c7a00000, 0x00000006c7a00000| Untracked 
| 123|0x00000006c7b00000, 0x00000006c7b00000, 0x00000006c7c00000|  0%| F|  |TAMS 0x00000006c7b00000, 0x00000006c7b00000| Untracked 
| 124|0x00000006c7c00000, 0x00000006c7c00000, 0x00000006c7d00000|  0%| F|  |TAMS 0x00000006c7c00000, 0x00000006c7c00000| Untracked 
| 125|0x00000006c7d00000, 0x00000006c7d00000, 0x00000006c7e00000|  0%| F|  |TAMS 0x00000006c7d00000, 0x00000006c7d00000| Untracked 
| 126|0x00000006c7e00000, 0x00000006c7e00000, 0x00000006c7f00000|  0%| F|  |TAMS 0x00000006c7e00000, 0x00000006c7e00000| Untracked 
| 127|0x00000006c7f00000, 0x00000006c7f00000, 0x00000006c8000000|  0%| F|  |TAMS 0x00000006c7f00000, 0x00000006c7f00000| Untracked 
| 128|0x00000006c8000000, 0x00000006c8000000, 0x00000006c8100000|  0%| F|  |TAMS 0x00000006c8000000, 0x00000006c8000000| Untracked 
| 129|0x00000006c8100000, 0x00000006c8100000, 0x00000006c8200000|  0%| F|  |TAMS 0x00000006c8100000, 0x00000006c8100000| Untracked 
| 130|0x00000006c8200000, 0x00000006c8200000, 0x00000006c8300000|  0%| F|  |TAMS 0x00000006c8200000, 0x00000006c8200000| Untracked 
| 131|0x00000006c8300000, 0x00000006c8300000, 0x00000006c8400000|  0%| F|  |TAMS 0x00000006c8300000, 0x00000006c8300000| Untracked 
| 132|0x00000006c8400000, 0x00000006c8400000, 0x00000006c8500000|  0%| F|  |TAMS 0x00000006c8400000, 0x00000006c8400000| Untracked 
| 133|0x00000006c8500000, 0x00000006c8500000, 0x00000006c8600000|  0%| F|  |TAMS 0x00000006c8500000, 0x00000006c8500000| Untracked 
| 134|0x00000006c8600000, 0x00000006c8600000, 0x00000006c8700000|  0%| F|  |TAMS 0x00000006c8600000, 0x00000006c8600000| Untracked 
| 135|0x00000006c8700000, 0x00000006c8700000, 0x00000006c8800000|  0%| F|  |TAMS 0x00000006c8700000, 0x00000006c8700000| Untracked 
| 136|0x00000006c8800000, 0x00000006c8800000, 0x00000006c8900000|  0%| F|  |TAMS 0x00000006c8800000, 0x00000006c8800000| Untracked 
| 137|0x00000006c8900000, 0x00000006c8900000, 0x00000006c8a00000|  0%| F|  |TAMS 0x00000006c8900000, 0x00000006c8900000| Untracked 
| 138|0x00000006c8a00000, 0x00000006c8a00000, 0x00000006c8b00000|  0%| F|  |TAMS 0x00000006c8a00000, 0x00000006c8a00000| Untracked 
| 139|0x00000006c8b00000, 0x00000006c8b00000, 0x00000006c8c00000|  0%| F|  |TAMS 0x00000006c8b00000, 0x00000006c8b00000| Untracked 
| 140|0x00000006c8c00000, 0x00000006c8c00000, 0x00000006c8d00000|  0%| F|  |TAMS 0x00000006c8c00000, 0x00000006c8c00000| Untracked 
| 141|0x00000006c8d00000, 0x00000006c8d00000, 0x00000006c8e00000|  0%| F|  |TAMS 0x00000006c8d00000, 0x00000006c8d00000| Untracked 
| 142|0x00000006c8e00000, 0x00000006c8e00000, 0x00000006c8f00000|  0%| F|  |TAMS 0x00000006c8e00000, 0x00000006c8e00000| Untracked 
| 143|0x00000006c8f00000, 0x00000006c8f00000, 0x00000006c9000000|  0%| F|  |TAMS 0x00000006c8f00000, 0x00000006c8f00000| Untracked 
| 144|0x00000006c9000000, 0x00000006c9000000, 0x00000006c9100000|  0%| F|  |TAMS 0x00000006c9000000, 0x00000006c9000000| Untracked 
| 145|0x00000006c9100000, 0x00000006c9100000, 0x00000006c9200000|  0%| F|  |TAMS 0x00000006c9100000, 0x00000006c9100000| Untracked 
| 146|0x00000006c9200000, 0x00000006c9200000, 0x00000006c9300000|  0%| F|  |TAMS 0x00000006c9200000, 0x00000006c9200000| Untracked 
| 147|0x00000006c9300000, 0x00000006c9300000, 0x00000006c9400000|  0%| F|  |TAMS 0x00000006c9300000, 0x00000006c9300000| Untracked 
| 148|0x00000006c9400000, 0x00000006c9400000, 0x00000006c9500000|  0%| F|  |TAMS 0x00000006c9400000, 0x00000006c9400000| Untracked 
| 149|0x00000006c9500000, 0x00000006c9500000, 0x00000006c9600000|  0%| F|  |TAMS 0x00000006c9500000, 0x00000006c9500000| Untracked 
| 150|0x00000006c9600000, 0x00000006c9600000, 0x00000006c9700000|  0%| F|  |TAMS 0x00000006c9600000, 0x00000006c9600000| Untracked 
| 151|0x00000006c9700000, 0x00000006c9700000, 0x00000006c9800000|  0%| F|  |TAMS 0x00000006c9700000, 0x00000006c9700000| Untracked 
| 152|0x00000006c9800000, 0x00000006c9800000, 0x00000006c9900000|  0%| F|  |TAMS 0x00000006c9800000, 0x00000006c9800000| Untracked 
| 153|0x00000006c9900000, 0x00000006c9900000, 0x00000006c9a00000|  0%| F|  |TAMS 0x00000006c9900000, 0x00000006c9900000| Untracked 
| 154|0x00000006c9a00000, 0x00000006c9a00000, 0x00000006c9b00000|  0%| F|  |TAMS 0x00000006c9a00000, 0x00000006c9a00000| Untracked 
| 155|0x00000006c9b00000, 0x00000006c9b00000, 0x00000006c9c00000|  0%| F|  |TAMS 0x00000006c9b00000, 0x00000006c9b00000| Untracked 
| 156|0x00000006c9c00000, 0x00000006c9c00000, 0x00000006c9d00000|  0%| F|  |TAMS 0x00000006c9c00000, 0x00000006c9c00000| Untracked 
| 157|0x00000006c9d00000, 0x00000006c9d00000, 0x00000006c9e00000|  0%| F|  |TAMS 0x00000006c9d00000, 0x00000006c9d00000| Untracked 
| 158|0x00000006c9e00000, 0x00000006c9e00000, 0x00000006c9f00000|  0%| F|  |TAMS 0x00000006c9e00000, 0x00000006c9e00000| Untracked 
| 159|0x00000006c9f00000, 0x00000006c9f00000, 0x00000006ca000000|  0%| F|  |TAMS 0x00000006c9f00000, 0x00000006c9f00000| Untracked 
| 160|0x00000006ca000000, 0x00000006ca000000, 0x00000006ca100000|  0%| F|  |TAMS 0x00000006ca000000, 0x00000006ca000000| Untracked 
| 161|0x00000006ca100000, 0x00000006ca100000, 0x00000006ca200000|  0%| F|  |TAMS 0x00000006ca100000, 0x00000006ca100000| Untracked 
| 162|0x00000006ca200000, 0x00000006ca200000, 0x00000006ca300000|  0%| F|  |TAMS 0x00000006ca200000, 0x00000006ca200000| Untracked 
| 163|0x00000006ca300000, 0x00000006ca300000, 0x00000006ca400000|  0%| F|  |TAMS 0x00000006ca300000, 0x00000006ca300000| Untracked 
| 164|0x00000006ca400000, 0x00000006ca400000, 0x00000006ca500000|  0%| F|  |TAMS 0x00000006ca400000, 0x00000006ca400000| Untracked 
| 165|0x00000006ca500000, 0x00000006ca500000, 0x00000006ca600000|  0%| F|  |TAMS 0x00000006ca500000, 0x00000006ca500000| Untracked 
| 166|0x00000006ca600000, 0x00000006ca600000, 0x00000006ca700000|  0%| F|  |TAMS 0x00000006ca600000, 0x00000006ca600000| Untracked 
| 167|0x00000006ca700000, 0x00000006ca700000, 0x00000006ca800000|  0%| F|  |TAMS 0x00000006ca700000, 0x00000006ca700000| Untracked 
| 168|0x00000006ca800000, 0x00000006ca800000, 0x00000006ca900000|  0%| F|  |TAMS 0x00000006ca800000, 0x00000006ca800000| Untracked 
| 169|0x00000006ca900000, 0x00000006ca900000, 0x00000006caa00000|  0%| F|  |TAMS 0x00000006ca900000, 0x00000006ca900000| Untracked 
| 170|0x00000006caa00000, 0x00000006caa00000, 0x00000006cab00000|  0%| F|  |TAMS 0x00000006caa00000, 0x00000006caa00000| Untracked 
| 171|0x00000006cab00000, 0x00000006cab00000, 0x00000006cac00000|  0%| F|  |TAMS 0x00000006cab00000, 0x00000006cab00000| Untracked 
| 172|0x00000006cac00000, 0x00000006cac00000, 0x00000006cad00000|  0%| F|  |TAMS 0x00000006cac00000, 0x00000006cac00000| Untracked 
| 173|0x00000006cad00000, 0x00000006cad00000, 0x00000006cae00000|  0%| F|  |TAMS 0x00000006cad00000, 0x00000006cad00000| Untracked 
| 174|0x00000006cae00000, 0x00000006cae00000, 0x00000006caf00000|  0%| F|  |TAMS 0x00000006cae00000, 0x00000006cae00000| Untracked 
| 175|0x00000006caf00000, 0x00000006caf00000, 0x00000006cb000000|  0%| F|  |TAMS 0x00000006caf00000, 0x00000006caf00000| Untracked 
| 176|0x00000006cb000000, 0x00000006cb000000, 0x00000006cb100000|  0%| F|  |TAMS 0x00000006cb000000, 0x00000006cb000000| Untracked 
| 177|0x00000006cb100000, 0x00000006cb100000, 0x00000006cb200000|  0%| F|  |TAMS 0x00000006cb100000, 0x00000006cb100000| Untracked 
| 178|0x00000006cb200000, 0x00000006cb200000, 0x00000006cb300000|  0%| F|  |TAMS 0x00000006cb200000, 0x00000006cb200000| Untracked 
| 179|0x00000006cb300000, 0x00000006cb300000, 0x00000006cb400000|  0%| F|  |TAMS 0x00000006cb300000, 0x00000006cb300000| Untracked 
| 180|0x00000006cb400000, 0x00000006cb400000, 0x00000006cb500000|  0%| F|  |TAMS 0x00000006cb400000, 0x00000006cb400000| Untracked 
| 181|0x00000006cb500000, 0x00000006cb500000, 0x00000006cb600000|  0%| F|  |TAMS 0x00000006cb500000, 0x00000006cb500000| Untracked 
| 182|0x00000006cb600000, 0x00000006cb600000, 0x00000006cb700000|  0%| F|  |TAMS 0x00000006cb600000, 0x00000006cb600000| Untracked 
| 183|0x00000006cb700000, 0x00000006cb700000, 0x00000006cb800000|  0%| F|  |TAMS 0x00000006cb700000, 0x00000006cb700000| Untracked 
| 184|0x00000006cb800000, 0x00000006cb800000, 0x00000006cb900000|  0%| F|  |TAMS 0x00000006cb800000, 0x00000006cb800000| Untracked 
| 185|0x00000006cb900000, 0x00000006cb900000, 0x00000006cba00000|  0%| F|  |TAMS 0x00000006cb900000, 0x00000006cb900000| Untracked 
| 186|0x00000006cba00000, 0x00000006cba00000, 0x00000006cbb00000|  0%| F|  |TAMS 0x00000006cba00000, 0x00000006cba00000| Untracked 
| 187|0x00000006cbb00000, 0x00000006cbb00000, 0x00000006cbc00000|  0%| F|  |TAMS 0x00000006cbb00000, 0x00000006cbb00000| Untracked 
| 188|0x00000006cbc00000, 0x00000006cbd00000, 0x00000006cbd00000|100%| E|  |TAMS 0x00000006cbc00000, 0x00000006cbc00000| Complete 
| 189|0x00000006cbd00000, 0x00000006cbe00000, 0x00000006cbe00000|100%| E|CS|TAMS 0x00000006cbd00000, 0x00000006cbd00000| Complete 
| 190|0x00000006cbe00000, 0x00000006cbf00000, 0x00000006cbf00000|100%| E|CS|TAMS 0x00000006cbe00000, 0x00000006cbe00000| Complete 
| 191|0x00000006cbf00000, 0x00000006cc000000, 0x00000006cc000000|100%| E|CS|TAMS 0x00000006cbf00000, 0x00000006cbf00000| Complete 
| 192|0x00000006cc000000, 0x00000006cc100000, 0x00000006cc100000|100%| E|CS|TAMS 0x00000006cc000000, 0x00000006cc000000| Complete 
| 193|0x00000006cc100000, 0x00000006cc200000, 0x00000006cc200000|100%| E|CS|TAMS 0x00000006cc100000, 0x00000006cc100000| Complete 
| 194|0x00000006cc200000, 0x00000006cc300000, 0x00000006cc300000|100%| E|CS|TAMS 0x00000006cc200000, 0x00000006cc200000| Complete 
| 195|0x00000006cc300000, 0x00000006cc400000, 0x00000006cc400000|100%| E|  |TAMS 0x00000006cc300000, 0x00000006cc300000| Complete 
| 196|0x00000006cc400000, 0x00000006cc500000, 0x00000006cc500000|100%| E|CS|TAMS 0x00000006cc400000, 0x00000006cc400000| Complete 
| 197|0x00000006cc500000, 0x00000006cc600000, 0x00000006cc600000|100%| E|CS|TAMS 0x00000006cc500000, 0x00000006cc500000| Complete 
| 198|0x00000006cc600000, 0x00000006cc700000, 0x00000006cc700000|100%| E|CS|TAMS 0x00000006cc600000, 0x00000006cc600000| Complete 
| 199|0x00000006cc700000, 0x00000006cc800000, 0x00000006cc800000|100%| E|CS|TAMS 0x00000006cc700000, 0x00000006cc700000| Complete 
| 200|0x00000006cc800000, 0x00000006cc900000, 0x00000006cc900000|100%| E|CS|TAMS 0x00000006cc800000, 0x00000006cc800000| Complete 
| 201|0x00000006cc900000, 0x00000006cca00000, 0x00000006cca00000|100%| E|CS|TAMS 0x00000006cc900000, 0x00000006cc900000| Complete 
| 202|0x00000006cca00000, 0x00000006ccb00000, 0x00000006ccb00000|100%| E|CS|TAMS 0x00000006cca00000, 0x00000006cca00000| Complete 
| 203|0x00000006ccb00000, 0x00000006ccc00000, 0x00000006ccc00000|100%| E|CS|TAMS 0x00000006ccb00000, 0x00000006ccb00000| Complete 
| 204|0x00000006ccc00000, 0x00000006ccd00000, 0x00000006ccd00000|100%| E|CS|TAMS 0x00000006ccc00000, 0x00000006ccc00000| Complete 
| 205|0x00000006ccd00000, 0x00000006cce00000, 0x00000006cce00000|100%| E|CS|TAMS 0x00000006ccd00000, 0x00000006ccd00000| Complete 
| 206|0x00000006cce00000, 0x00000006ccf00000, 0x00000006ccf00000|100%| E|CS|TAMS 0x00000006cce00000, 0x00000006cce00000| Complete 
| 207|0x00000006ccf00000, 0x00000006cd000000, 0x00000006cd000000|100%| E|CS|TAMS 0x00000006ccf00000, 0x00000006ccf00000| Complete 
| 208|0x00000006cd000000, 0x00000006cd100000, 0x00000006cd100000|100%| E|CS|TAMS 0x00000006cd000000, 0x00000006cd000000| Complete 
| 209|0x00000006cd100000, 0x00000006cd200000, 0x00000006cd200000|100%| E|CS|TAMS 0x00000006cd100000, 0x00000006cd100000| Complete 
| 210|0x00000006cd200000, 0x00000006cd300000, 0x00000006cd300000|100%| E|CS|TAMS 0x00000006cd200000, 0x00000006cd200000| Complete 
| 211|0x00000006cd300000, 0x00000006cd400000, 0x00000006cd400000|100%| E|CS|TAMS 0x00000006cd300000, 0x00000006cd300000| Complete 
| 212|0x00000006cd400000, 0x00000006cd500000, 0x00000006cd500000|100%| E|CS|TAMS 0x00000006cd400000, 0x00000006cd400000| Complete 
| 213|0x00000006cd500000, 0x00000006cd600000, 0x00000006cd600000|100%| E|CS|TAMS 0x00000006cd500000, 0x00000006cd500000| Complete 
| 214|0x00000006cd600000, 0x00000006cd700000, 0x00000006cd700000|100%| E|CS|TAMS 0x00000006cd600000, 0x00000006cd600000| Complete 
| 215|0x00000006cd700000, 0x00000006cd800000, 0x00000006cd800000|100%| E|CS|TAMS 0x00000006cd700000, 0x00000006cd700000| Complete 
| 216|0x00000006cd800000, 0x00000006cd900000, 0x00000006cd900000|100%| E|CS|TAMS 0x00000006cd800000, 0x00000006cd800000| Complete 
| 217|0x00000006cd900000, 0x00000006cda00000, 0x00000006cda00000|100%| E|CS|TAMS 0x00000006cd900000, 0x00000006cd900000| Complete 
| 218|0x00000006cda00000, 0x00000006cdb00000, 0x00000006cdb00000|100%| E|CS|TAMS 0x00000006cda00000, 0x00000006cda00000| Complete 
| 219|0x00000006cdb00000, 0x00000006cdc00000, 0x00000006cdc00000|100%| E|CS|TAMS 0x00000006cdb00000, 0x00000006cdb00000| Complete 
| 220|0x00000006cdc00000, 0x00000006cdd00000, 0x00000006cdd00000|100%| E|CS|TAMS 0x00000006cdc00000, 0x00000006cdc00000| Complete 
| 221|0x00000006cdd00000, 0x00000006cde00000, 0x00000006cde00000|100%| E|CS|TAMS 0x00000006cdd00000, 0x00000006cdd00000| Complete 
| 222|0x00000006cde00000, 0x00000006cdf00000, 0x00000006cdf00000|100%| E|CS|TAMS 0x00000006cde00000, 0x00000006cde00000| Complete 
| 223|0x00000006cdf00000, 0x00000006ce000000, 0x00000006ce000000|100%| E|CS|TAMS 0x00000006cdf00000, 0x00000006cdf00000| Complete 
| 224|0x00000006ce000000, 0x00000006ce100000, 0x00000006ce100000|100%| E|CS|TAMS 0x00000006ce000000, 0x00000006ce000000| Complete 
| 225|0x00000006ce100000, 0x00000006ce200000, 0x00000006ce200000|100%| E|CS|TAMS 0x00000006ce100000, 0x00000006ce100000| Complete 
| 226|0x00000006ce200000, 0x00000006ce300000, 0x00000006ce300000|100%| E|CS|TAMS 0x00000006ce200000, 0x00000006ce200000| Complete 
| 227|0x00000006ce300000, 0x00000006ce400000, 0x00000006ce400000|100%| E|CS|TAMS 0x00000006ce300000, 0x00000006ce300000| Complete 
| 228|0x00000006ce400000, 0x00000006ce500000, 0x00000006ce500000|100%| E|CS|TAMS 0x00000006ce400000, 0x00000006ce400000| Complete 
| 229|0x00000006ce500000, 0x00000006ce600000, 0x00000006ce600000|100%| E|CS|TAMS 0x00000006ce500000, 0x00000006ce500000| Complete 
| 230|0x00000006ce600000, 0x00000006ce63cfb8, 0x00000006ce700000| 23%| S|CS|TAMS 0x00000006ce600000, 0x00000006ce600000| Complete 
| 231|0x00000006ce700000, 0x00000006ce800000, 0x00000006ce800000|100%| S|CS|TAMS 0x00000006ce700000, 0x00000006ce700000| Complete 
| 232|0x00000006ce800000, 0x00000006ce900000, 0x00000006ce900000|100%| E|CS|TAMS 0x00000006ce800000, 0x00000006ce800000| Complete 
| 233|0x00000006ce900000, 0x00000006cea00000, 0x00000006cea00000|100%| E|CS|TAMS 0x00000006ce900000, 0x00000006ce900000| Complete 
| 234|0x00000006cea00000, 0x00000006ceb00000, 0x00000006ceb00000|100%| E|CS|TAMS 0x00000006cea00000, 0x00000006cea00000| Complete 
| 235|0x00000006ceb00000, 0x00000006cec00000, 0x00000006cec00000|100%| E|CS|TAMS 0x00000006ceb00000, 0x00000006ceb00000| Complete 
| 236|0x00000006cec00000, 0x00000006ced00000, 0x00000006ced00000|100%| E|CS|TAMS 0x00000006cec00000, 0x00000006cec00000| Complete 
| 237|0x00000006ced00000, 0x00000006cee00000, 0x00000006cee00000|100%| E|CS|TAMS 0x00000006ced00000, 0x00000006ced00000| Complete 
| 238|0x00000006cee00000, 0x00000006cef00000, 0x00000006cef00000|100%| E|CS|TAMS 0x00000006cee00000, 0x00000006cee00000| Complete 
| 239|0x00000006cef00000, 0x00000006cf000000, 0x00000006cf000000|100%| E|CS|TAMS 0x00000006cef00000, 0x00000006cef00000| Complete 
| 240|0x00000006cf000000, 0x00000006cf100000, 0x00000006cf100000|100%| E|CS|TAMS 0x00000006cf000000, 0x00000006cf000000| Complete 
| 241|0x00000006cf100000, 0x00000006cf200000, 0x00000006cf200000|100%| E|CS|TAMS 0x00000006cf100000, 0x00000006cf100000| Complete 
| 242|0x00000006cf200000, 0x00000006cf300000, 0x00000006cf300000|100%| E|CS|TAMS 0x00000006cf200000, 0x00000006cf200000| Complete 
| 243|0x00000006cf300000, 0x00000006cf400000, 0x00000006cf400000|100%| E|CS|TAMS 0x00000006cf300000, 0x00000006cf300000| Complete 
| 244|0x00000006cf400000, 0x00000006cf500000, 0x00000006cf500000|100%| E|CS|TAMS 0x00000006cf400000, 0x00000006cf400000| Complete 
| 245|0x00000006cf500000, 0x00000006cf600000, 0x00000006cf600000|100%| E|CS|TAMS 0x00000006cf500000, 0x00000006cf500000| Complete 
| 246|0x00000006cf600000, 0x00000006cf700000, 0x00000006cf700000|100%| E|CS|TAMS 0x00000006cf600000, 0x00000006cf600000| Complete 
| 247|0x00000006cf700000, 0x00000006cf800000, 0x00000006cf800000|100%| E|CS|TAMS 0x00000006cf700000, 0x00000006cf700000| Complete 
| 248|0x00000006cf800000, 0x00000006cf900000, 0x00000006cf900000|100%| E|CS|TAMS 0x00000006cf800000, 0x00000006cf800000| Complete 
| 249|0x00000006cf900000, 0x00000006cfa00000, 0x00000006cfa00000|100%| E|CS|TAMS 0x00000006cf900000, 0x00000006cf900000| Complete 
| 250|0x00000006cfa00000, 0x00000006cfb00000, 0x00000006cfb00000|100%| E|CS|TAMS 0x00000006cfa00000, 0x00000006cfa00000| Complete 
| 251|0x00000006cfb00000, 0x00000006cfc00000, 0x00000006cfc00000|100%| E|CS|TAMS 0x00000006cfb00000, 0x00000006cfb00000| Complete 
| 252|0x00000006cfc00000, 0x00000006cfd00000, 0x00000006cfd00000|100%| E|CS|TAMS 0x00000006cfc00000, 0x00000006cfc00000| Complete 
| 253|0x00000006cfd00000, 0x00000006cfe00000, 0x00000006cfe00000|100%| E|CS|TAMS 0x00000006cfd00000, 0x00000006cfd00000| Complete 
| 254|0x00000006cfe00000, 0x00000006cff00000, 0x00000006cff00000|100%| E|CS|TAMS 0x00000006cfe00000, 0x00000006cfe00000| Complete 
| 255|0x00000006cff00000, 0x00000006d0000000, 0x00000006d0000000|100%| E|CS|TAMS 0x00000006cff00000, 0x00000006cff00000| Complete 

Card table byte_map: [0x000000010b751000,0x000000010bf51000] _byte_map_base: 0x0000000108151000

Marking Bits (Prev, Next): (CMBitMap*) 0x00007f946203b618, (CMBitMap*) 0x00007f946203b650
 Prev Bits: [0x00000001240a8000, 0x00000001280a8000)
 Next Bits: [0x00000001280a8000, 0x000000012c0a8000)

Polling page: 0x000000010877c000

Metaspace:

Usage:
  Non-class:     10.19 MB capacity,    10.03 MB ( 98%) used,   140.66 KB (  1%) free+waste,    19.81 KB ( <1%) overhead. 
      Class:      1.10 MB capacity,     1.02 MB ( 93%) used,    68.26 KB (  6%) free+waste,     8.75 KB ( <1%) overhead. 
       Both:     11.29 MB capacity,    11.06 MB ( 98%) used,   208.91 KB (  2%) free+waste,    28.56 KB ( <1%) overhead. 

Virtual space:
  Non-class space:       12.00 MB reserved,      10.50 MB ( 88%) committed 
      Class space:        1.00 GB reserved,       1.12 MB ( <1%) committed 
             Both:        1.01 GB reserved,      11.62 MB (  1%) committed 

Chunk freelists:
   Non-Class:  12.88 KB
       Class:  3.38 KB
        Both:  16.25 KB

CodeHeap 'non-profiled nmethods': size=120032Kb used=669Kb max_used=669Kb free=119363Kb
 bounds [0x000000011cb70000, 0x000000011cde0000, 0x00000001240a8000]
CodeHeap 'profiled nmethods': size=120028Kb used=3439Kb max_used=3439Kb free=116588Kb
 bounds [0x0000000115639000, 0x0000000115999000, 0x000000011cb70000]
CodeHeap 'non-nmethods': size=5700Kb used=1069Kb max_used=1087Kb free=4630Kb
 bounds [0x00000001150a8000, 0x0000000115318000, 0x0000000115639000]
 total_blobs=2477 nmethods=1628 adapters=292
 compilation: enabled
              stopped_count=0, restarted_count=0
 full_count=0

Compilation events (10 events):
Event: 6.129 Thread 0x00007f9461857000 1633       3       org.jacoco.agent.rt.internal_28bab1d.asm.FieldWriter::<init> (69 bytes)
Event: 6.129 Thread 0x00007f9461857000 nmethod 1633 0x0000000115992e90 code [0x00000001159930a0, 0x00000001159934c8]
Event: 6.129 Thread 0x00007f9461857000 1634       3       org.jacoco.agent.rt.internal_28bab1d.asm.FieldVisitor::<init> (7 bytes)
Event: 6.129 Thread 0x00007f9461857000 nmethod 1634 0x0000000115993710 code [0x00000001159938c0, 0x0000000115993a48]
Event: 6.129 Thread 0x00007f9461857000 1635       3       org.jacoco.agent.rt.internal_28bab1d.asm.FieldVisitor::<init> (47 bytes)
Event: 6.129 Thread 0x00007f9461857000 nmethod 1635 0x0000000115993b10 code [0x0000000115993ce0, 0x00000001159940a8]
Event: 6.129 Thread 0x00007f9461857000 1636       3       org.jacoco.agent.rt.internal_28bab1d.asm.FieldWriter::computeFieldInfoSize (201 bytes)
Event: 6.130 Thread 0x00007f9461857000 nmethod 1636 0x0000000115994190 code [0x0000000115994400, 0x0000000115994b88]
Event: 6.131 Thread 0x00007f946411e800 nmethod 1622 0x000000011cc15310 code [0x000000011cc154a0, 0x000000011cc15778]
Event: 6.131 Thread 0x00007f946411e800 1629       4       org.jacoco.agent.rt.internal_28bab1d.asm.ClassReader::readUTF (161 bytes)

GC Heap History (2 events):
Event: 0.323 GC heap before
{Heap before GC invocations=0 (full 0):
 garbage-first heap   total 262144K, used 23552K [0x00000006c0000000, 0x00000007c0000000)
  region size 1024K, 24 young (24576K), 0 survivors (0K)
 Metaspace       used 6862K, capacity 6984K, committed 7168K, reserved 1056768K
  class space    used 620K, capacity 669K, committed 768K, reserved 1048576K
}
Event: 0.324 GC heap after
{Heap after GC invocations=1 (full 0):
 garbage-first heap   total 262144K, used 1267K [0x00000006c0000000, 0x00000007c0000000)
  region size 1024K, 2 young (2048K), 2 survivors (2048K)
 Metaspace       used 6862K, capacity 6984K, committed 7168K, reserved 1056768K
  class space    used 620K, capacity 669K, committed 768K, reserved 1048576K
}

Deoptimization events (10 events):
Event: 5.987 Thread 0x00007f9462003000 Uncommon trap: reason=bimorphic_or_optimized_type_check action=maybe_recompile pc=0x000000011cbb956c method=java.util.HashMap.putVal(ILjava/lang/Object;Ljava/lang/Object;ZZ)Ljava/lang/Object; @ 152 c2
Event: 6.071 Thread 0x00007f9462003000 Uncommon trap: reason=unstable_if action=reinterpret pc=0x000000011cbf05dc method=java.io.BufferedInputStream.read()I @ 8 c2
Event: 6.098 Thread 0x00007f9462003000 Uncommon trap: reason=unstable_if action=reinterpret pc=0x000000011cbf4b9c method=org.jacoco.agent.rt.internal_28bab1d.asm.ClassReader.readUTF(II[C)Ljava/lang/String; @ 41 c2
Event: 6.098 Thread 0x00007f9462003000 Uncommon trap: reason=unstable_if action=reinterpret pc=0x000000011cc0cdc4 method=java.lang.StringUTF16.compress([CI[BII)I @ 20 c2
Event: 6.098 Thread 0x00007f9462003000 Uncommon trap: reason=unstable_if action=reinterpret pc=0x000000011cb7c05c method=java.lang.String.isLatin1()Z @ 10 c2
Event: 6.098 Thread 0x00007f9462003000 Uncommon trap: reason=unstable_if action=reinterpret pc=0x000000011cbf3d3c method=org.jacoco.agent.rt.internal_28bab1d.asm.ClassReader.readUTF(II[C)Ljava/lang/String; @ 41 c2
Event: 6.098 Thread 0x00007f9462003000 Uncommon trap: reason=unstable_if action=reinterpret pc=0x000000011cb73878 method=java.lang.String.isLatin1()Z @ 10 c2
Event: 6.112 Thread 0x00007f9462003000 Uncommon trap: reason=unstable_if action=reinterpret pc=0x000000011cb8cfc8 method=java.lang.StringLatin1.canEncode(I)Z @ 4 c2
Event: 6.112 Thread 0x00007f9462003000 Uncommon trap: reason=unstable_if action=reinterpret pc=0x000000011cb8d8b4 method=java.lang.AbstractStringBuilder.isLatin1()Z @ 10 c2
Event: 6.115 Thread 0x00007f9462003000 Uncommon trap: reason=unstable_if action=reinterpret pc=0x000000011cb71114 method=java.lang.String.isLatin1()Z @ 10 c2

Classes redefined (0 events):
No events

Internal exceptions (10 events):
Event: 5.985 Thread 0x00007f9462003000 Exception <a 'java/lang/ClassNotFoundException'{0x00000006cc788228}: javax/smartcardio/CardPermission> (0x00000006cc788228) thrown at [/scratch/mesos/slaves/14a03e04-9f3c-408e-8ddf-efd6aa9b759f-S58796/frameworks/1735e8a2-a1db-478c-8104-60c8b0af87dd-0196/e
Event: 5.986 Thread 0x00007f9462003000 Exception <a 'java/io/FileNotFoundException'{0x00000006cc796ec0}> (0x00000006cc796ec0) thrown at [/scratch/mesos/slaves/14a03e04-9f3c-408e-8ddf-efd6aa9b759f-S58796/frameworks/1735e8a2-a1db-478c-8104-60c8b0af87dd-0196/executors/b0a763fa-7269-4226-b6ca-3bfa
Event: 5.997 Thread 0x00007f9462003000 Exception <a 'sun/nio/fs/UnixException'{0x00000006cc7fa158}> (0x00000006cc7fa158) thrown at [/scratch/mesos/slaves/14a03e04-9f3c-408e-8ddf-efd6aa9b759f-S58796/frameworks/1735e8a2-a1db-478c-8104-60c8b0af87dd-0196/executors/b0a763fa-7269-4226-b6ca-3bfa1917d
Event: 5.997 Thread 0x00007f9462003000 Exception <a 'sun/nio/fs/UnixException'{0x00000006cc7fbc70}> (0x00000006cc7fbc70) thrown at [/scratch/mesos/slaves/14a03e04-9f3c-408e-8ddf-efd6aa9b759f-S58796/frameworks/1735e8a2-a1db-478c-8104-60c8b0af87dd-0196/executors/b0a763fa-7269-4226-b6ca-3bfa1917d
Event: 6.037 Thread 0x00007f9462003000 Exception <a 'sun/nio/fs/UnixException'{0x00000006cc1ead18}> (0x00000006cc1ead18) thrown at [/scratch/mesos/slaves/14a03e04-9f3c-408e-8ddf-efd6aa9b759f-S58796/frameworks/1735e8a2-a1db-478c-8104-60c8b0af87dd-0196/executors/b0a763fa-7269-4226-b6ca-3bfa1917d
Event: 6.038 Thread 0x00007f9462003000 Exception <a 'sun/nio/fs/UnixException'{0x00000006cc1eb598}> (0x00000006cc1eb598) thrown at [/scratch/mesos/slaves/14a03e04-9f3c-408e-8ddf-efd6aa9b759f-S58796/frameworks/1735e8a2-a1db-478c-8104-60c8b0af87dd-0196/executors/b0a763fa-7269-4226-b6ca-3bfa1917d
Event: 6.039 Thread 0x00007f9462003000 Exception <a 'sun/nio/fs/UnixException'{0x00000006cc1f2b00}> (0x00000006cc1f2b00) thrown at [/scratch/mesos/slaves/14a03e04-9f3c-408e-8ddf-efd6aa9b759f-S58796/frameworks/1735e8a2-a1db-478c-8104-60c8b0af87dd-0196/executors/b0a763fa-7269-4226-b6ca-3bfa1917d
Event: 6.039 Thread 0x00007f9462003000 Exception <a 'sun/nio/fs/UnixException'{0x00000006cc1f3370}> (0x00000006cc1f3370) thrown at [/scratch/mesos/slaves/14a03e04-9f3c-408e-8ddf-efd6aa9b759f-S58796/frameworks/1735e8a2-a1db-478c-8104-60c8b0af87dd-0196/executors/b0a763fa-7269-4226-b6ca-3bfa1917d
Event: 6.043 Thread 0x00007f9462003000 Exception <a 'sun/nio/fs/UnixException'{0x00000006cc029c78}> (0x00000006cc029c78) thrown at [/scratch/mesos/slaves/14a03e04-9f3c-408e-8ddf-efd6aa9b759f-S58796/frameworks/1735e8a2-a1db-478c-8104-60c8b0af87dd-0196/executors/b0a763fa-7269-4226-b6ca-3bfa1917d
Event: 6.043 Thread 0x00007f9462003000 Exception <a 'sun/nio/fs/UnixException'{0x00000006cc02a660}> (0x00000006cc02a660) thrown at [/scratch/mesos/slaves/14a03e04-9f3c-408e-8ddf-efd6aa9b759f-S58796/frameworks/1735e8a2-a1db-478c-8104-60c8b0af87dd-0196/executors/b0a763fa-7269-4226-b6ca-3bfa1917d

Events (10 events):
Event: 6.115 loading class java/text/DecimalFormat
Event: 6.115 loading class java/text/DecimalFormat done
Event: 6.116 loading class java/text/FieldPosition
Event: 6.116 loading class java/text/FieldPosition done
Event: 6.116 loading class java/text/DigitList
Event: 6.116 loading class java/text/DigitList done
Event: 6.116 loading class java/math/RoundingMode
Event: 6.116 loading class java/math/RoundingMode done
Event: 6.116 loading class java/util/Date
Event: 6.117 loading class java/util/Date done


Dynamic libraries:
0x00007fffaaede000 	/System/Library/Frameworks/Cocoa.framework/Versions/A/Cocoa
0x00007fffb1780000 	/System/Library/Frameworks/Security.framework/Versions/A/Security
0x00007fffa9d99000 	/System/Library/Frameworks/ApplicationServices.framework/Versions/A/ApplicationServices
0x00007fffc0b7f000 	/usr/lib/libz.1.dylib
0x00007fffbf6d1000 	/usr/lib/libSystem.B.dylib
0x00007fffab474000 	/System/Library/Frameworks/CoreFoundation.framework/Versions/A/CoreFoundation
0x00007fffaceec000 	/System/Library/Frameworks/Foundation.framework/Versions/C/Foundation
0x00007fffc0380000 	/usr/lib/libobjc.A.dylib
0x00007fffa8fae000 	/System/Library/Frameworks/AppKit.framework/Versions/C/AppKit
0x00007fffab0ca000 	/System/Library/Frameworks/CoreData.framework/Versions/A/CoreData
0x00007fffbc156000 	/System/Library/PrivateFrameworks/RemoteViewServices.framework/Versions/A/RemoteViewServices
0x00007fffbe141000 	/System/Library/PrivateFrameworks/UIFoundation.framework/Versions/A/UIFoundation
0x00007fffb7504000 	/System/Library/PrivateFrameworks/DFRFoundation.framework/Versions/A/DFRFoundation
0x00007fffbfcc3000 	/usr/lib/libenergytrace.dylib
0x00007fffbcf83000 	/System/Library/PrivateFrameworks/SkyLight.framework/Versions/A/SkyLight
0x00007fffab90e000 	/System/Library/Frameworks/CoreGraphics.framework/Versions/A/CoreGraphics
0x00007fffbf6cc000 	/usr/lib/libScreenReader.dylib
0x00007fffa7fd0000 	/System/Library/Frameworks/Accelerate.framework/Versions/A/Accelerate
0x00007fffad4ea000 	/System/Library/Frameworks/IOSurface.framework/Versions/A/IOSurface
0x00007fffaa2bc000 	/System/Library/Frameworks/AudioToolbox.framework/Versions/A/AudioToolbox
0x00007fffaa4c9000 	/System/Library/Frameworks/AudioUnit.framework/Versions/A/AudioUnit
0x00007fffb7549000 	/System/Library/PrivateFrameworks/DataDetectorsCore.framework/Versions/A/DataDetectorsCore
0x00007fffb763a000 	/System/Library/PrivateFrameworks/DesktopServicesPriv.framework/Versions/A/DesktopServicesPriv
0x00007fffaaa2b000 	/System/Library/Frameworks/Carbon.framework/Versions/A/Frameworks/HIToolbox.framework/Versions/A/HIToolbox
0x00007fffbfdcc000 	/usr/lib/libicucore.A.dylib
0x00007fffb1019000 	/System/Library/Frameworks/QuartzCore.framework/Versions/A/QuartzCore
0x00007fffaadf7000 	/System/Library/Frameworks/Carbon.framework/Versions/A/Frameworks/SpeechRecognition.framework/Versions/A/SpeechRecognition
0x00007fffbf7ea000 	/usr/lib/libauto.dylib
0x00007fffc0a65000 	/usr/lib/libxml2.2.dylib
0x00007fffb71be000 	/System/Library/PrivateFrameworks/CoreUI.framework/Versions/A/CoreUI
0x00007fffab028000 	/System/Library/Frameworks/CoreAudio.framework/Versions/A/CoreAudio
0x00007fffacd55000 	/System/Library/Frameworks/DiskArbitration.framework/Versions/A/DiskArbitration
0x00007fffbfff7000 	/usr/lib/liblangid.dylib
0x00007fffbb03d000 	/System/Library/PrivateFrameworks/MultitouchSupport.framework/Versions/A/MultitouchSupport
0x00007fffad453000 	/System/Library/Frameworks/IOKit.framework/Versions/A/IOKit
0x00007fffbf492000 	/usr/lib/libDiagnosticMessagesClient.dylib
0x00007fffac339000 	/System/Library/Frameworks/CoreServices.framework/Versions/A/CoreServices
0x00007fffbb9fa000 	/System/Library/PrivateFrameworks/PerformanceAnalysis.framework/Versions/A/PerformanceAnalysis
0x00007fffb948c000 	/System/Library/PrivateFrameworks/GenerationalStorage.framework/Versions/A/GenerationalStorage
0x00007fffb04b9000 	/System/Library/Frameworks/OpenGL.framework/Versions/A/OpenGL
0x00007fffabf91000 	/System/Library/Frameworks/CoreImage.framework/Versions/A/CoreImage
0x00007fffaca62000 	/System/Library/Frameworks/CoreText.framework/Versions/A/CoreText
0x00007fffad543000 	/System/Library/Frameworks/ImageIO.framework/Versions/A/ImageIO
0x00007fffb4d7b000 	/System/Library/PrivateFrameworks/Backup.framework/Versions/A/Backup
0x00007fffbf73e000 	/usr/lib/libarchive.2.dylib
0x00007fffaa632000 	/System/Library/Frameworks/CFNetwork.framework/Versions/A/CFNetwork
0x00007fffb1ead000 	/System/Library/Frameworks/SystemConfiguration.framework/Versions/A/SystemConfiguration
0x00007fffbf3d9000 	/usr/lib/libCRFSuite.dylib
0x00007fffbf80b000 	/usr/lib/libc++.1.dylib
0x00007fffbf862000 	/usr/lib/libc++abi.dylib
0x00007fffc0b9f000 	/usr/lib/system/libcache.dylib
0x00007fffc0ba4000 	/usr/lib/system/libcommonCrypto.dylib
0x00007fffc0baf000 	/usr/lib/system/libcompiler_rt.dylib
0x00007fffc0bb7000 	/usr/lib/system/libcopyfile.dylib
0x00007fffc0bc0000 	/usr/lib/system/libcorecrypto.dylib
0x00007fffc0c44000 	/usr/lib/system/libdispatch.dylib
0x00007fffc0c76000 	/usr/lib/system/libdyld.dylib
0x00007fffc0c7c000 	/usr/lib/system/libkeymgr.dylib
0x00007fffc0c8a000 	/usr/lib/system/liblaunch.dylib
0x00007fffc0c8b000 	/usr/lib/system/libmacho.dylib
0x00007fffc0c91000 	/usr/lib/system/libquarantine.dylib
0x00007fffc0c94000 	/usr/lib/system/libremovefile.dylib
0x00007fffc0c96000 	/usr/lib/system/libsystem_asl.dylib
0x00007fffc0caf000 	/usr/lib/system/libsystem_blocks.dylib
0x00007fffc0cb0000 	/usr/lib/system/libsystem_c.dylib
0x00007fffc0d3e000 	/usr/lib/system/libsystem_configuration.dylib
0x00007fffc0d42000 	/usr/lib/system/libsystem_coreservices.dylib
0x00007fffc0d46000 	/usr/lib/system/libsystem_coretls.dylib
0x00007fffc0d5f000 	/usr/lib/system/libsystem_dnssd.dylib
0x00007fffc0d66000 	/usr/lib/system/libsystem_info.dylib
0x00007fffc0d90000 	/usr/lib/system/libsystem_kernel.dylib
0x00007fffc0db3000 	/usr/lib/system/libsystem_m.dylib
0x00007fffc0dfb000 	/usr/lib/system/libsystem_malloc.dylib
0x00007fffc0e1a000 	/usr/lib/system/libsystem_network.dylib
0x00007fffc0e74000 	/usr/lib/system/libsystem_networkextension.dylib
0x00007fffc0e7e000 	/usr/lib/system/libsystem_notify.dylib
0x00007fffc0e88000 	/usr/lib/system/libsystem_platform.dylib
0x00007fffc0e91000 	/usr/lib/system/libsystem_pthread.dylib
0x00007fffc0e9c000 	/usr/lib/system/libsystem_sandbox.dylib
0x00007fffc0ea0000 	/usr/lib/system/libsystem_secinit.dylib
0x00007fffc0ea2000 	/usr/lib/system/libsystem_symptoms.dylib
0x00007fffc0eaa000 	/usr/lib/system/libsystem_trace.dylib
0x00007fffc0ebe000 	/usr/lib/system/libunwind.dylib
0x00007fffc0ec4000 	/usr/lib/system/libxpc.dylib
0x00007fffbf7eb000 	/usr/lib/libbsm.0.dylib
0x00007fffc0c7d000 	/usr/lib/system/libkxld.dylib
0x00007fffbf8b4000 	/usr/lib/libcoretls.dylib
0x00007fffbf8b5000 	/usr/lib/libcoretls_cfhelpers.dylib
0x00007fffbf6cb000 	/usr/lib/libOpenScriptingUtil.dylib
0x00007fffc0755000 	/usr/lib/libpam.2.dylib
0x00007fffc0814000 	/usr/lib/libsqlite3.dylib
0x00007fffc0a57000 	/usr/lib/libxar.1.dylib
0x00007fffbf7fc000 	/usr/lib/libbz2.1.0.dylib
0x00007fffbfff9000 	/usr/lib/liblzma.5.dylib
0x00007fffc0305000 	/usr/lib/libnetwork.dylib
0x00007fffc075a000 	/usr/lib/libpcap.A.dylib
0x00007fffac69c000 	/System/Library/Frameworks/CoreServices.framework/Versions/A/Frameworks/FSEvents.framework/Versions/A/FSEvents
0x00007fffac38c000 	/System/Library/Frameworks/CoreServices.framework/Versions/A/Frameworks/CarbonCore.framework/Versions/A/CarbonCore
0x00007fffac812000 	/System/Library/Frameworks/CoreServices.framework/Versions/A/Frameworks/Metadata.framework/Versions/A/Metadata
0x00007fffac8c3000 	/System/Library/Frameworks/CoreServices.framework/Versions/A/Frameworks/OSServices.framework/Versions/A/OSServices
0x00007fffac923000 	/System/Library/Frameworks/CoreServices.framework/Versions/A/Frameworks/SearchKit.framework/Versions/A/SearchKit
0x00007fffac33a000 	/System/Library/Frameworks/CoreServices.framework/Versions/A/Frameworks/AE.framework/Versions/A/AE
0x00007fffac6a5000 	/System/Library/Frameworks/CoreServices.framework/Versions/A/Frameworks/LaunchServices.framework/Versions/A/LaunchServices
0x00007fffac668000 	/System/Library/Frameworks/CoreServices.framework/Versions/A/Frameworks/DictionaryServices.framework/Versions/A/DictionaryServices
0x00007fffac994000 	/System/Library/Frameworks/CoreServices.framework/Versions/A/Frameworks/SharedFileList.framework/Versions/A/SharedFileList
0x00007fffaf6dd000 	/System/Library/Frameworks/NetFS.framework/Versions/A/NetFS
0x00007fffbb117000 	/System/Library/PrivateFrameworks/NetAuth.framework/Versions/A/NetAuth
0x00007fffbf382000 	/System/Library/PrivateFrameworks/login.framework/Versions/A/Frameworks/loginsupport.framework/Versions/A/loginsupport
0x00007fffbdf73000 	/System/Library/PrivateFrameworks/TCC.framework/Versions/A/TCC
0x00007fffc002a000 	/usr/lib/libmecabra.dylib
0x00007fffa9d9a000 	/System/Library/Frameworks/ApplicationServices.framework/Versions/A/Frameworks/ATS.framework/Versions/A/ATS
0x00007fffaa119000 	/System/Library/Frameworks/ApplicationServices.framework/Versions/A/Frameworks/ColorSync.framework/Versions/A/ColorSync
0x00007fffaa1c4000 	/System/Library/Frameworks/ApplicationServices.framework/Versions/A/Frameworks/HIServices.framework/Versions/A/HIServices
0x00007fffaa216000 	/System/Library/Frameworks/ApplicationServices.framework/Versions/A/Frameworks/LangAnalysis.framework/Versions/A/LangAnalysis
0x00007fffaa226000 	/System/Library/Frameworks/ApplicationServices.framework/Versions/A/Frameworks/PrintCore.framework/Versions/A/PrintCore
0x00007fffaa274000 	/System/Library/Frameworks/ApplicationServices.framework/Versions/A/Frameworks/QD.framework/Versions/A/QD
0x00007fffaa2b0000 	/System/Library/Frameworks/ApplicationServices.framework/Versions/A/Frameworks/SpeechSynthesis.framework/Versions/A/SpeechSynthesis
0x00007fffa7fe9000 	/System/Library/Frameworks/Accelerate.framework/Versions/A/Frameworks/vImage.framework/Versions/A/vImage
0x00007fffa8cef000 	/System/Library/Frameworks/Accelerate.framework/Versions/A/Frameworks/vecLib.framework/Versions/A/vecLib
0x00007fffa8ab4000 	/System/Library/Frameworks/Accelerate.framework/Versions/A/Frameworks/vecLib.framework/Versions/A/libvDSP.dylib
0x00007fffa8675000 	/System/Library/Frameworks/Accelerate.framework/Versions/A/Frameworks/vecLib.framework/Versions/A/libBNNS.dylib
0x00007fffa8a98000 	/System/Library/Frameworks/Accelerate.framework/Versions/A/Frameworks/vecLib.framework/Versions/A/libQuadrature.dylib
0x00007fffa8c3c000 	/System/Library/Frameworks/Accelerate.framework/Versions/A/Frameworks/vecLib.framework/Versions/A/libvMisc.dylib
0x00007fffa868a000 	/System/Library/Frameworks/Accelerate.framework/Versions/A/Frameworks/vecLib.framework/Versions/A/libLAPACK.dylib
0x00007fffa8503000 	/System/Library/Frameworks/Accelerate.framework/Versions/A/Frameworks/vecLib.framework/Versions/A/libBLAS.dylib
0x00007fffa8a81000 	/System/Library/Frameworks/Accelerate.framework/Versions/A/Frameworks/vecLib.framework/Versions/A/libLinearAlgebra.dylib
0x00007fffa8a9f000 	/System/Library/Frameworks/Accelerate.framework/Versions/A/Frameworks/vecLib.framework/Versions/A/libSparseBLAS.dylib
0x00007fffa9ea2000 	/System/Library/Frameworks/ApplicationServices.framework/Versions/A/Frameworks/ATS.framework/Versions/A/Resources/libFontParser.dylib
0x00007fffa9fd2000 	/System/Library/Frameworks/ApplicationServices.framework/Versions/A/Frameworks/ATS.framework/Versions/A/Resources/libFontRegistry.dylib
0x00007fffad79a000 	/System/Library/Frameworks/ImageIO.framework/Versions/A/Resources/libJPEG.dylib
0x00007fffad7e9000 	/System/Library/Frameworks/ImageIO.framework/Versions/A/Resources/libTIFF.dylib
0x00007fffad7be000 	/System/Library/Frameworks/ImageIO.framework/Versions/A/Resources/libPng.dylib
0x00007fffad6a4000 	/System/Library/Frameworks/ImageIO.framework/Versions/A/Resources/libGIF.dylib
0x00007fffad6a9000 	/System/Library/Frameworks/ImageIO.framework/Versions/A/Resources/libJP2.dylib
0x00007fffad7e6000 	/System/Library/Frameworks/ImageIO.framework/Versions/A/Resources/libRadiance.dylib
0x00007fffbf89d000 	/usr/lib/libcompression.dylib
0x00007fffb48bd000 	/System/Library/PrivateFrameworks/AppleJPEG.framework/Versions/A/AppleJPEG
0x00007fffbfbf3000 	/usr/lib/libcups.2.dylib
0x00007fffae5a0000 	/System/Library/Frameworks/Kerberos.framework/Versions/A/Kerberos
0x00007fffad2be000 	/System/Library/Frameworks/GSS.framework/Versions/A/GSS
0x00007fffc07a8000 	/usr/lib/libresolv.9.dylib
0x00007fffbfcd9000 	/usr/lib/libiconv.2.dylib
0x00007fffb9bb9000 	/System/Library/PrivateFrameworks/Heimdal.framework/Versions/A/Heimdal
0x00007fffbfcd3000 	/usr/lib/libheimdal-asn1.dylib
0x00007fffaf92e000 	/System/Library/Frameworks/OpenDirectory.framework/Versions/A/OpenDirectory
0x00007fffb63d0000 	/System/Library/PrivateFrameworks/CommonAuth.framework/Versions/A/CommonAuth
0x00007fffaf914000 	/System/Library/Frameworks/OpenDirectory.framework/Versions/A/Frameworks/CFOpenDirectory.framework/Versions/A/CFOpenDirectory
0x00007fffb1a83000 	/System/Library/Frameworks/SecurityFoundation.framework/Versions/A/SecurityFoundation
0x00007fffba371000 	/System/Library/PrivateFrameworks/LanguageModeling.framework/Versions/A/LanguageModeling
0x00007fffc0013000 	/usr/lib/libmarisa.dylib
0x00007fffbf3f5000 	/usr/lib/libChineseTokenizer.dylib
0x00007fffbf88c000 	/usr/lib/libcmph.dylib
0x00007fffb6b22000 	/System/Library/PrivateFrameworks/CoreEmoji.framework/Versions/A/CoreEmoji
0x00007fffb1b23000 	/System/Library/Frameworks/ServiceManagement.framework/Versions/A/ServiceManagement
0x00007fffc0b55000 	/usr/lib/libxslt.1.dylib
0x00007fffaad3f000 	/System/Library/Frameworks/Carbon.framework/Versions/A/Frameworks/Ink.framework/Versions/A/Ink
0x00007fffbe005000 	/System/Library/PrivateFrameworks/TextureIO.framework/Versions/A/TextureIO
0x00007fffaed99000 	/System/Library/Frameworks/Metal.framework/Versions/A/Metal
0x00007fffbf76a000 	/usr/lib/libate.dylib
0x00007fffb91bb000 	/System/Library/PrivateFrameworks/GPUCompiler.framework/libmetal_timestamp.dylib
0x00007fffaf93d000 	/System/Library/Frameworks/OpenGL.framework/Versions/A/Libraries/libCoreFSCache.dylib
0x00007fffba24a000 	/System/Library/PrivateFrameworks/IOAccelerator.framework/Versions/A/IOAccelerator
0x00007fffacbb0000 	/System/Library/Frameworks/CoreVideo.framework/Versions/A/CoreVideo
0x00007fffbf494000 	/usr/lib/libFosl_dynamic.dylib
0x00007fffbae49000 	/System/Library/PrivateFrameworks/MetalPerformanceShaders.framework/Versions/A/MetalPerformanceShaders
0x00007fffb7a33000 	/System/Library/PrivateFrameworks/FaceCore.framework/Versions/A/FaceCore
0x00007fffaf8c5000 	/System/Library/Frameworks/OpenCL.framework/Versions/A/OpenCL
0x00007fffafb10000 	/System/Library/Frameworks/OpenGL.framework/Versions/A/Libraries/libGLU.dylib
0x00007fffaf946000 	/System/Library/Frameworks/OpenGL.framework/Versions/A/Libraries/libGFXShared.dylib
0x00007fffaf950000 	/System/Library/Frameworks/OpenGL.framework/Versions/A/Libraries/libGL.dylib
0x00007fffaf95c000 	/System/Library/Frameworks/OpenGL.framework/Versions/A/Libraries/libGLImage.dylib
0x00007fffaf93a000 	/System/Library/Frameworks/OpenGL.framework/Versions/A/Libraries/libCVMSPluginSupport.dylib
0x00007fffaf941000 	/System/Library/Frameworks/OpenGL.framework/Versions/A/Libraries/libCoreVMClient.dylib
0x00007fffb7484000 	/System/Library/PrivateFrameworks/CrashReporterSupport.framework/Versions/A/CrashReporterSupport
0x00007fffbced5000 	/System/Library/PrivateFrameworks/Sharing.framework/Versions/A/Sharing
0x00007fffba268000 	/System/Library/PrivateFrameworks/IconServices.framework/Versions/A/IconServices
0x00007fffbc123000 	/System/Library/PrivateFrameworks/ProtocolBuffer.framework/Versions/A/ProtocolBuffer
0x00007fffb479d000 	/System/Library/PrivateFrameworks/Apple80211.framework/Versions/A/Apple80211
0x00007fffacbe6000 	/System/Library/Frameworks/CoreWLAN.framework/Versions/A/CoreWLAN
0x00007fffb72fe000 	/System/Library/PrivateFrameworks/CoreUtils.framework/Versions/A/CoreUtils
0x00007fffad3af000 	/System/Library/Frameworks/IOBluetooth.framework/Versions/A/IOBluetooth
0x00007fffb741e000 	/System/Library/PrivateFrameworks/CoreWiFi.framework/Versions/A/CoreWiFi
0x00007fffab0b6000 	/System/Library/Frameworks/CoreBluetooth.framework/Versions/A/CoreBluetooth
0x00007fffab3c6000 	/System/Library/Frameworks/CoreDisplay.framework/Versions/A/CoreDisplay
0x00007fffba253000 	/System/Library/PrivateFrameworks/IOPresentment.framework/Versions/A/IOPresentment
0x00007fffb750f000 	/System/Library/PrivateFrameworks/DSExternalDisplay.framework/Versions/A/DSExternalDisplay
0x00007fffb75fa000 	/System/Library/PrivateFrameworks/DebugSymbols.framework/Versions/A/DebugSymbols
0x00007fffb712e000 	/System/Library/PrivateFrameworks/CoreSymbolication.framework/Versions/A/CoreSymbolication
0x00007fffbdac0000 	/System/Library/PrivateFrameworks/Symbolication.framework/Versions/A/Symbolication
0x00007fffb47c0000 	/System/Library/PrivateFrameworks/AppleFSCompression.framework/Versions/A/AppleFSCompression
0x00007fffbd3c8000 	/System/Library/PrivateFrameworks/SpeechRecognitionCore.framework/Versions/A/SpeechRecognitionCore
0x00007fffb5a84000 	/System/Library/PrivateFrameworks/ChunkingLibrary.framework/Versions/A/ChunkingLibrary
0x000000010860a000 	/System/Library/CoreServices/Encodings/libCyrillicConverter.dylib
0x0000000109800000 	/Users/ivanpohodnya/dev_components/jdk-11.jdk/Contents/Home/lib/server/libjvm.dylib
0x0000000108742000 	/Users/ivanpohodnya/dev_components/jdk-11.jdk/Contents/Home/lib/libverify.dylib
0x000000010874e000 	/Users/ivanpohodnya/dev_components/jdk-11.jdk/Contents/Home/lib/libjava.dylib
0x000000010877e000 	/Users/ivanpohodnya/dev_components/jdk-11.jdk/Contents/Home/lib/libinstrument.dylib
0x00000001087d7000 	/Users/ivanpohodnya/dev_components/jdk-11.jdk/Contents/Home/lib/libzip.dylib
0x00000001087df000 	/Users/ivanpohodnya/dev_components/jdk-11.jdk/Contents/Home/lib/libjimage.dylib
0x000000012ed68000 	/Users/ivanpohodnya/dev_components/jdk-11.jdk/Contents/Home/lib/libnio.dylib
0x000000012ed76000 	/Users/ivanpohodnya/dev_components/jdk-11.jdk/Contents/Home/lib/./libnet.dylib


VM Arguments:
jvm_args: -Dorg.gradle.native=false --module-path=/Users/ivanpohodnya/IdeaProjects/jpms/demo/client/build/classes/java/test:/Users/ivanpohodnya/IdeaProjects/jpms/demo/client/build/resources/test:/Users/ivanpohodnya/IdeaProjects/jpms/demo/client/build/classes/java/main:/Users/ivanpohodnya/.gradle/caches/modules-2/files-2.1/org.springframework.boot/spring-boot-starter-web/2.1.0.M2/935ccd6c83ad9086f61757bc876a1eccc7224fc2/spring-boot-starter-web-2.1.0.M2.jar:/Users/ivanpohodnya/.gradle/caches/modules-2/files-2.1/org.springframework.cloud/spring-cloud-starter-openfeign/2.0.0.RELEASE/aaa058cbd5103da005fbb2a3d4ec3ce1d8ab56f/spring-cloud-starter-openfeign-2.0.0.RELEASE.jar:/Users/ivanpohodnya/.gradle/caches/modules-2/files-2.1/com.github.tomakehurst/wiremock/2.18.0/a3f3850cd4ab418e175036dd267f29c420a3f3cd/wiremock-2.18.0.jar:/Users/ivanpohodnya/.gradle/caches/modules-2/files-2.1/org.xmlunit/xmlunit-legacy/2.6.2/302dade4e4078a5bb1c1b1d78714495de2ba9f40/xmlunit-legacy-2.6.2.jar:/Users/ivanpohodnya/.gradle/caches/modules-2/files-2.1/org.springframework.boot/spring-boot-starter-test/2.1.0.M2/8b3f4c0597e797428ace18a3402117e90a437104/spring-boot-starter-test-2.1.0.M2.jar:/Users/ivanpohodnya/.gradle/caches/modules-2/files-2.1/org.xmlunit/xmlunit-core/2.6.2/b0461888cdd8d3975ea8a57df96520409cadcb6c/xmlunit-core-2.6.2.jar:/Users/ivanpohodnya/.gradle/caches/modules-2/files-2.1/org.glassfish.jaxb/jaxb-runtime/2.4.0-b180830.0438/2a0705ce8aa988b691c70e8bdcc1613050a148a2/jaxb-runtime-2.4.0-b180830.0438.jar:/Users/ivanpohodnya/.gradle/caches/modules-2/files-2.1/javax.xml.bind/jaxb-api/2.4.0-b180830.0359/b54184b7dcab2031add3f525550c7f1b7e12209d/jaxb-api-2.4.0-b180830.0359.jar:/Users/ivanpohodnya/.gradle/caches/modules-2/files-2.1/com.sun.activation/javax.activation/1.2.0/bf744c1e2776ed1de3c55c8dac1057ec331ef744/javax.activation-1.2.0.jar:/Users/ivanpohodnya/.gradle/caches/modules-2/files-2.1/com.jayway.jsonpath/json-path/2.4.0/765a4401ceb2dc8d40553c2075eb80a8fa35c2ae/json-path-2.4.0.jar:/Users/ivanpohodnya/.gradle/caches/mo--patch-module=client.main=/Users/ivanpohodnya/IdeaProjects/jpms/demo/client/build/classes/java/test --add-modules=client.main --patch-module=hamcrest.core=/Users/ivanpohodnya/.gradle/caches/modules-2/files-2.1/org.hamcrest/hamcrest-library/1.3/4785a3c21320980282f9f33d0d1264a69040538f/hamcrest-library-1.3.jar --patch-module=java.annotation=/Users/ivanpohodnya/.gradle/caches/modules-2/files-2.1/com.google.code.findbugs/jsr305/3.0.1/f7be08ec23c21485b9b5a1cf1654c2ec8c58168d/jsr305-3.0.1.jar -javaagent:build/tmp/expandedArchives/org.jacoco.agent-0.8.2.jar_56a88f9ce507637adfc797f83ef298ef/jacocoagent.jar=destfile=build/jacoco/test.exec,append=true,inclnolocationclasses=false,dumponexit=true,output=file,jmx=false -Dfile.encoding=UTF-8 -Duser.country=RU -Duser.language=ru -Duser.variant -ea 
java_command: worker.org.gradle.process.internal.worker.GradleWorkerMain 'Gradle Test Executor 6'
java_class_path (initial): /Users/ivanpohodnya/.gradle/caches/4.8.1/workerMain/gradle-worker.jar:/Users/ivanpohodnya/.gradle/caches/modules-2/files-2.1/io.github.openfeign/feign-slf4j/9.5.1/4770c5f4ad5d9014c161a86ff67891f81af409f1/feign-slf4j-9.5.1.jar:/Users/ivanpohodnya/.gradle/caches/modules-2/files-2.1/com.github.jknack/handlebars-helpers/4.0.6/6aeaf8f563939982e451576323f95d3a8eb2b49b/handlebars-helpers-4.0.6.jar:/Users/ivanpohodnya/.gradle/caches/modules-2/files-2.1/com.github.jknack/handlebars/4.0.6/ccf00179b6648523e5c64b9b5fb783d89e42401b/handlebars-4.0.6.jar:/Users/ivanpohodnya/.gradle/caches/modules-2/files-2.1/org.springframework.cloud/spring-cloud-starter-netflix-ribbon/2.0.0.RELEASE/54551f0533b77600e8fc96dd1add232a56a6ae31/spring-cloud-starter-netflix-ribbon-2.0.0.RELEASE.jar:/Users/ivanpohodnya/.gradle/caches/modules-2/files-2.1/com.netflix.ribbon/ribbon/2.2.5/3f97c8acfc68c35012f00d10b9ac63fc8f48d790/ribbon-2.2.5.jar:/Users/ivanpohodnya/.gradle/caches/modules-2/files-2.1/com.netflix.ribbon/ribbon-httpclient/2.2.5/e2662937935d218f2c63105f6df39c3dfa0d06a1/ribbon-httpclient-2.2.5.jar:/Users/ivanpohodnya/.gradle/caches/modules-2/files-2.1/com.netflix.ribbon/ribbon-transport/2.2.5/7c8e321322a98c72a36f4a81f84cafe21273c010/ribbon-transport-2.2.5.jar:/Users/ivanpohodnya/.gradle/caches/modules-2/files-2.1/com.netflix.ribbon/ribbon-loadbalancer/2.2.5/5f713ef0b8d01580666face5e91d8c6af1daa468/ribbon-loadbalancer-2.2.5.jar:/Users/ivanpohodnya/.gradle/caches/modules-2/files-2.1/com.netflix.ribbon/ribbon-core/2.2.5/80b6fe934799269073e69c5d7e67334459ef7e2e/ribbon-core-2.2.5.jar:/Users/ivanpohodnya/.gradle/caches/modules-2/files-2.1/org.apache.logging.log4j/log4j-to-slf4j/2.11.1/1097acadf76aa4dd721ec5807566003ae9d975de/log4j-to-slf4j-2.11.1.jar:/Users/ivanpohodnya/.gradle/caches/modules-2/files-2.1/org.slf4j/jul-to-slf4j/1.7.25/af5364cd6679bfffb114f0dec8a157aaa283b76/jul-to-slf4j-1.7.25.jar:/Users/ivanpohodnya/.gradle/caches/modules-2/files-2.1/org.slf4j/slf4j-api/1.7
Launcher Type: SUN_STANDARD

[Global flags]
     intx CICompilerCount                          = 4                                         {product} {ergonomic}
     uint ConcGCThreads                            = 2                                         {product} {ergonomic}
     uint G1ConcRefinementThreads                  = 8                                         {product} {ergonomic}
   size_t G1HeapRegionSize                         = 1048576                                   {product} {ergonomic}
    uintx GCDrainStackTargetSize                   = 64                                        {product} {ergonomic}
   size_t InitialHeapSize                          = 268435456                                 {product} {ergonomic}
   size_t MarkStackSize                            = 4194304                                   {product} {ergonomic}
   size_t MaxHeapSize                              = 4294967296                                {product} {ergonomic}
   size_t MaxNewSize                               = 2576351232                                {product} {ergonomic}
   size_t MinHeapDeltaBytes                        = 1048576                                   {product} {ergonomic}
    uintx NonNMethodCodeHeapSize                   = 5835340                                {pd product} {ergonomic}
    uintx NonProfiledCodeHeapSize                  = 122911450                              {pd product} {ergonomic}
    uintx ProfiledCodeHeapSize                     = 122911450                              {pd product} {ergonomic}
    uintx ReservedCodeCacheSize                    = 251658240                              {pd product} {ergonomic}
     bool SegmentedCodeCache                       = true                                      {product} {ergonomic}
     bool UseCompressedClassPointers               = true                                 {lp64_product} {ergonomic}
     bool UseCompressedOops                        = true                                 {lp64_product} {ergonomic}
     bool UseG1GC                                  = true                                      {product} {ergonomic}

Logging:
Log output configuration:
 #0: stdout all=warning uptime,level,tags
 #1: stderr all=off uptime,level,tags

Environment Variables:
JAVA_HOME=/Users/ivanpohodnya/dev_components/jdk-11.jdk/Contents/Home
PATH=/Users/ivanpohodnya/dev_components/lazybones-0.8.3/bin:/usr/local/opt/curl/bin:/usr/local/bin:/usr/bin:/bin:/usr/sbin:/sbin:/Users/ivanpohodnya/dev_components/mvn/bin
SHELL=/bin/bash

Signal Handlers:
SIGSEGV: [libjvm.dylib+0x750928], sa_mask[0]=11111111011111110111111111111111, sa_flags=SA_ONSTACK|SA_RESTART|SA_SIGINFO
SIGBUS: [libjvm.dylib+0x750928], sa_mask[0]=11111111011111110111111111111111, sa_flags=SA_RESTART|SA_SIGINFO
SIGFPE: [libjvm.dylib+0x750928], sa_mask[0]=11111111011111110111111111111111, sa_flags=SA_RESTART|SA_SIGINFO
SIGPIPE: [libjvm.dylib+0x600ee2], sa_mask[0]=11111111011111110111111111111111, sa_flags=SA_RESTART|SA_SIGINFO
SIGXFSZ: [libjvm.dylib+0x600ee2], sa_mask[0]=11111111011111110111111111111111, sa_flags=SA_RESTART|SA_SIGINFO
SIGILL: [libjvm.dylib+0x750928], sa_mask[0]=11111111011111110111111111111111, sa_flags=SA_RESTART|SA_SIGINFO
SIGUSR2: [libjvm.dylib+0x6014c7], sa_mask[0]=00100000000000000000000000000000, sa_flags=SA_RESTART|SA_SIGINFO
SIGHUP: [libjvm.dylib+0x5fff23], sa_mask[0]=11111111011111110111111111111111, sa_flags=SA_RESTART|SA_SIGINFO
SIGINT: [libjvm.dylib+0x5fff23], sa_mask[0]=11111111011111110111111111111111, sa_flags=SA_RESTART|SA_SIGINFO
SIGTERM: [libjvm.dylib+0x5fff23], sa_mask[0]=11111111011111110111111111111111, sa_flags=SA_RESTART|SA_SIGINFO
SIGQUIT: [libjvm.dylib+0x5fff23], sa_mask[0]=11111111011111110111111111111111, sa_flags=SA_RESTART|SA_SIGINFO


---------------  S Y S T E M  ---------------

OS:uname:Darwin 16.7.0 Darwin Kernel Version 16.7.0: Thu Jun 15 17:36:27 PDT 2017; root:xnu-3789.70.16~2/RELEASE_X86_64 x86_64
rlimit: STACK 8192k, CORE 0k, NPROC 709, NOFILE 10240, AS infinity, DATA infinity, FSIZE infinity
load average:2.51 2.41 2.44

CPU:total 8 (initial active 8) (4 cores per cpu, 2 threads per core) family 6 model 158 stepping 9, cmov, cx8, fxsr, mmx, sse, sse2, sse3, ssse3, sse4.1, sse4.2, popcnt, avx, avx2, aes, clmul, erms, rtm, 3dnowpref, lzcnt, ht, tsc, tscinvbit, bmi1, bmi2, adx, fma

Memory: 4k page, physical 16777216k(570288k free)

vm_info: OpenJDK 64-Bit Server VM (11+28) for bsd-amd64 JRE (11+28), built on Aug 23 2018 02:03:49 by "mach5one" with gcc 4.2.1 Compatible Apple LLVM 9.1.0 (clang-902.0.39.2)

END.
